[2026-02-07 10:41:00] DEBUG: 系统转换脚本 convert_docs.py 执行成功。
[2026-02-07 10:41:30] DEBUG: 5/5 个 docx 文件已转换为 Markdown。
[2026-02-07 10:42:00] DEBUG: 已提取图表描述并汇总至 markdown/图表描述汇总.md。
[2026-02-07 10:42:30] DEBUG: 已处理公式和特殊单位，转换为 LaTeX 格式。
[2026-02-07 10:43:00] DEBUG: 任务完成。
[2026-02-07 11:02:26] DEBUG: 找到 5 个待处理文件
[2026-02-07 11:02:26] DEBUG: 正在转换文件: NB_T 31147-2018 风电场工程风能资源测量与评估技术规范.docx
[2026-02-07 11:02:27] DEBUG: 转换失败 NB_T 31147-2018 风电场工程风能资源测量与评估技术规范.docx: bad character range +-\n at position 43
[2026-02-07 11:02:27] DEBUG: 正在转换文件: 中国风能太阳能资源年景公报（2023 年）.docx
[2026-02-07 11:02:27] DEBUG: 转换失败 中国风能太阳能资源年景公报（2023 年）.docx: bad character range +-\n at position 43
[2026-02-07 11:02:27] DEBUG: 正在转换文件: 中国风能太阳能资源年景公报（2024 年）.docx
[2026-02-07 11:02:27] DEBUG: 转换失败 中国风能太阳能资源年景公报（2024 年）.docx: bad character range +-\n at position 43
[2026-02-07 11:02:27] DEBUG: 正在转换文件: 太阳能资源年景评估技术规范QXT 683-2023.docx
[2026-02-07 11:02:27] DEBUG: 转换失败 太阳能资源年景评估技术规范QXT 683-2023.docx: bad character range +-\n at position 43
[2026-02-07 11:02:27] DEBUG: 正在转换文件: 新型能源体系建设中的气象问题与技术进展.docx
[2026-02-07 11:02:28] DEBUG: 转换失败 新型能源体系建设中的气象问题与技术进展.docx: bad character range +-\n at position 43
[2026-02-07 11:02:28] DEBUG: 汇总文件已重新生成: /Users/yangjie/code/antigravity/doc转markdown处理工具/markdown/图表描述汇总.md
[2026-02-07 11:02:40] DEBUG: 找到 5 个待处理文件
[2026-02-07 11:02:40] DEBUG: 正在转换文件: NB_T 31147-2018 风电场工程风能资源测量与评估技术规范.docx
[2026-02-07 11:02:40] DEBUG: 文件处理完成: NB_T 31147-2018 风电场工程风能资源测量与评估技术规范.docx，提取到 4 个描述
[2026-02-07 11:02:40] DEBUG: 正在转换文件: 中国风能太阳能资源年景公报（2023 年）.docx
[2026-02-07 11:02:41] DEBUG: 文件处理完成: 中国风能太阳能资源年景公报（2023 年）.docx，提取到 20 个描述
[2026-02-07 11:02:41] DEBUG: 正在转换文件: 中国风能太阳能资源年景公报（2024 年）.docx
[2026-02-07 11:02:41] DEBUG: 文件处理完成: 中国风能太阳能资源年景公报（2024 年）.docx，提取到 20 个描述
[2026-02-07 11:02:41] DEBUG: 正在转换文件: 太阳能资源年景评估技术规范QXT 683-2023.docx
[2026-02-07 11:02:41] DEBUG: 文件处理完成: 太阳能资源年景评估技术规范QXT 683-2023.docx，提取到 1 个描述
[2026-02-07 11:02:41] DEBUG: 正在转换文件: 新型能源体系建设中的气象问题与技术进展.docx
[2026-02-07 11:02:41] DEBUG: 文件处理完成: 新型能源体系建设中的气象问题与技术进展.docx，提取到 5 个描述
[2026-02-07 11:02:41] DEBUG: 汇总文件已重新生成: /Users/yangjie/code/antigravity/doc转markdown处理工具/markdown/图表描述汇总.md
[2026-02-07 11:06:19] DEBUG: 找到 5 个待处理文件
[2026-02-07 11:06:19] DEBUG: 正在转换文件: NB_T 31147-2018 风电场工程风能资源测量与评估技术规范.docx
[2026-02-07 11:06:20] DEBUG: 文件处理完成: NB_T 31147-2018 风电场工程风能资源测量与评估技术规范.docx，提取到 2 个描述
[2026-02-07 11:06:20] DEBUG: 正在转换文件: 中国风能太阳能资源年景公报（2023 年）.docx
[2026-02-07 11:06:21] DEBUG: 文件处理完成: 中国风能太阳能资源年景公报（2023 年）.docx，提取到 5 个描述
[2026-02-07 11:06:21] DEBUG: 正在转换文件: 中国风能太阳能资源年景公报（2024 年）.docx
[2026-02-07 11:06:21] DEBUG: 文件处理完成: 中国风能太阳能资源年景公报（2024 年）.docx，提取到 20 个描述
[2026-02-07 11:06:21] DEBUG: 正在转换文件: 太阳能资源年景评估技术规范QXT 683-2023.docx
[2026-02-07 11:06:21] DEBUG: 文件处理完成: 太阳能资源年景评估技术规范QXT 683-2023.docx，提取到 0 个描述
[2026-02-07 11:06:21] DEBUG: 正在转换文件: 新型能源体系建设中的气象问题与技术进展.docx
[2026-02-07 11:06:21] DEBUG: 文件处理完成: 新型能源体系建设中的气象问题与技术进展.docx，提取到 5 个描述
[2026-02-07 11:06:21] DEBUG: 汇总文件已重新生成: /Users/yangjie/code/antigravity/doc转markdown处理工具/markdown/图表描述汇总.md
[2026-02-07 11:06:32] DEBUG: 找到 5 个待处理文件
[2026-02-07 11:06:32] DEBUG: 正在转换文件: NB_T 31147-2018 风电场工程风能资源测量与评估技术规范.docx
[2026-02-07 11:06:33] DEBUG: 文件处理完成: NB_T 31147-2018 风电场工程风能资源测量与评估技术规范.docx，提取到 2 个描述
[2026-02-07 11:06:33] DEBUG: 正在转换文件: 中国风能太阳能资源年景公报（2023 年）.docx
[2026-02-07 11:06:33] DEBUG: 文件处理完成: 中国风能太阳能资源年景公报（2023 年）.docx，提取到 5 个描述
[2026-02-07 11:06:33] DEBUG: 正在转换文件: 中国风能太阳能资源年景公报（2024 年）.docx
[2026-02-07 11:06:33] DEBUG: 文件处理完成: 中国风能太阳能资源年景公报（2024 年）.docx，提取到 20 个描述
[2026-02-07 11:06:33] DEBUG: 正在转换文件: 太阳能资源年景评估技术规范QXT 683-2023.docx
[2026-02-07 11:06:34] DEBUG: 文件处理完成: 太阳能资源年景评估技术规范QXT 683-2023.docx，提取到 0 个描述
[2026-02-07 11:06:34] DEBUG: 正在转换文件: 新型能源体系建设中的气象问题与技术进展.docx
[2026-02-07 11:06:34] DEBUG: 文件处理完成: 新型能源体系建设中的气象问题与技术进展.docx，提取到 5 个描述
[2026-02-07 11:06:34] DEBUG: 汇总文件已重新生成: /Users/yangjie/code/antigravity/doc转markdown处理工具/markdown/图表描述汇总.md
[2026-02-07 11:08:07] DEBUG: 找到 5 个待处理文件
[2026-02-07 11:08:07] DEBUG: 正在转换文件: NB_T 31147-2018 风电场工程风能资源测量与评估技术规范.docx
[2026-02-07 11:08:08] DEBUG: 文件处理完成: NB_T 31147-2018 风电场工程风能资源测量与评估技术规范.docx，提取到 2 个描述
[2026-02-07 11:08:08] DEBUG: 正在转换文件: 中国风能太阳能资源年景公报（2023 年）.docx
[2026-02-07 11:08:08] DEBUG: 文件处理完成: 中国风能太阳能资源年景公报（2023 年）.docx，提取到 5 个描述
[2026-02-07 11:08:08] DEBUG: 正在转换文件: 中国风能太阳能资源年景公报（2024 年）.docx
[2026-02-07 11:08:08] DEBUG: 文件处理完成: 中国风能太阳能资源年景公报（2024 年）.docx，提取到 20 个描述
[2026-02-07 11:08:08] DEBUG: 正在转换文件: 太阳能资源年景评估技术规范QXT 683-2023.docx
[2026-02-07 11:08:09] DEBUG: 文件处理完成: 太阳能资源年景评估技术规范QXT 683-2023.docx，提取到 1 个描述
[2026-02-07 11:08:09] DEBUG: 正在转换文件: 新型能源体系建设中的气象问题与技术进展.docx
[2026-02-07 11:08:09] DEBUG: 文件处理完成: 新型能源体系建设中的气象问题与技术进展.docx，提取到 5 个描述
[2026-02-07 11:08:09] DEBUG: 汇总文件已重新生成: /Users/yangjie/code/antigravity/doc转markdown处理工具/markdown/图表描述汇总.md
[2026-02-07 11:08:46] DEBUG: 找到 5 个待处理文件
[2026-02-07 11:08:46] DEBUG: 正在转换文件: NB_T 31147-2018 风电场工程风能资源测量与评估技术规范.docx
[2026-02-07 11:08:47] DEBUG: 文件处理完成: NB_T 31147-2018 风电场工程风能资源测量与评估技术规范.docx，提取到 2 个描述
[2026-02-07 11:08:47] DEBUG: 正在转换文件: 中国风能太阳能资源年景公报（2023 年）.docx
[2026-02-07 11:08:47] DEBUG: 文件处理完成: 中国风能太阳能资源年景公报（2023 年）.docx，提取到 5 个描述
[2026-02-07 11:08:47] DEBUG: 正在转换文件: 中国风能太阳能资源年景公报（2024 年）.docx
[2026-02-07 11:08:48] DEBUG: 文件处理完成: 中国风能太阳能资源年景公报（2024 年）.docx，提取到 20 个描述
[2026-02-07 11:08:48] DEBUG: 正在转换文件: 太阳能资源年景评估技术规范QXT 683-2023.docx
[2026-02-07 11:08:48] DEBUG: 文件处理完成: 太阳能资源年景评估技术规范QXT 683-2023.docx，提取到 1 个描述
[2026-02-07 11:08:48] DEBUG: 正在转换文件: 新型能源体系建设中的气象问题与技术进展.docx
[2026-02-07 11:08:48] DEBUG: 文件处理完成: 新型能源体系建设中的气象问题与技术进展.docx，提取到 5 个描述
[2026-02-07 11:08:48] DEBUG: 汇总文件已重新生成: /Users/yangjie/code/antigravity/doc转markdown处理工具/markdown/图表描述汇总.md
[2026-02-07 11:09:11] DEBUG: 找到 5 个待处理文件
[2026-02-07 11:09:11] DEBUG: 正在转换文件: NB_T 31147-2018 风电场工程风能资源测量与评估技术规范.docx
[2026-02-07 11:09:12] DEBUG: 文件处理完成: NB_T 31147-2018 风电场工程风能资源测量与评估技术规范.docx，提取到 2 个描述
[2026-02-07 11:09:12] DEBUG: 正在转换文件: 中国风能太阳能资源年景公报（2023 年）.docx
[2026-02-07 11:09:12] DEBUG: 文件处理完成: 中国风能太阳能资源年景公报（2023 年）.docx，提取到 5 个描述
[2026-02-07 11:09:12] DEBUG: 正在转换文件: 中国风能太阳能资源年景公报（2024 年）.docx
[2026-02-07 11:09:13] DEBUG: 文件处理完成: 中国风能太阳能资源年景公报（2024 年）.docx，提取到 20 个描述
[2026-02-07 11:09:13] DEBUG: 正在转换文件: 太阳能资源年景评估技术规范QXT 683-2023.docx
[2026-02-07 11:09:13] DEBUG: 文件处理完成: 太阳能资源年景评估技术规范QXT 683-2023.docx，提取到 1 个描述
[2026-02-07 11:09:13] DEBUG: 正在转换文件: 新型能源体系建设中的气象问题与技术进展.docx
[2026-02-07 11:09:13] DEBUG: 文件处理完成: 新型能源体系建设中的气象问题与技术进展.docx，提取到 5 个描述
[2026-02-07 11:09:13] DEBUG: 汇总文件已重新生成: /Users/yangjie/code/antigravity/doc转markdown处理工具/markdown/图表描述汇总.md
[2026-02-07 11:09:29] DEBUG: 找到 5 个待处理文件
[2026-02-07 11:09:29] DEBUG: 正在转换文件: NB_T 31147-2018 风电场工程风能资源测量与评估技术规范.docx
[2026-02-07 11:09:29] DEBUG: 文件处理完成: NB_T 31147-2018 风电场工程风能资源测量与评估技术规范.docx，提取到 2 个描述
[2026-02-07 11:09:29] DEBUG: 正在转换文件: 中国风能太阳能资源年景公报（2023 年）.docx
[2026-02-07 11:09:30] DEBUG: 文件处理完成: 中国风能太阳能资源年景公报（2023 年）.docx，提取到 5 个描述
[2026-02-07 11:09:30] DEBUG: 正在转换文件: 中国风能太阳能资源年景公报（2024 年）.docx
[2026-02-07 11:09:30] DEBUG: 文件处理完成: 中国风能太阳能资源年景公报（2024 年）.docx，提取到 20 个描述
[2026-02-07 11:09:30] DEBUG: 正在转换文件: 太阳能资源年景评估技术规范QXT 683-2023.docx
[2026-02-07 11:09:30] DEBUG: 文件处理完成: 太阳能资源年景评估技术规范QXT 683-2023.docx，提取到 1 个描述
[2026-02-07 11:09:30] DEBUG: 正在转换文件: 新型能源体系建设中的气象问题与技术进展.docx
[2026-02-07 11:09:30] DEBUG: 文件处理完成: 新型能源体系建设中的气象问题与技术进展.docx，提取到 5 个描述
[2026-02-07 11:09:30] DEBUG: 汇总文件已重新生成: /Users/yangjie/code/antigravity/doc转markdown处理工具/markdown/图表描述汇总.md
[2026-02-07 11:09:54] DEBUG: 找到 5 个待处理文件
[2026-02-07 11:09:54] DEBUG: 正在转换文件: NB_T 31147-2018 风电场工程风能资源测量与评估技术规范.docx
[2026-02-07 11:09:54] DEBUG: 文件处理完成: NB_T 31147-2018 风电场工程风能资源测量与评估技术规范.docx，提取到 2 个描述
[2026-02-07 11:09:54] DEBUG: 正在转换文件: 中国风能太阳能资源年景公报（2023 年）.docx
[2026-02-07 11:09:54] DEBUG: 文件处理完成: 中国风能太阳能资源年景公报（2023 年）.docx，提取到 5 个描述
[2026-02-07 11:09:54] DEBUG: 正在转换文件: 中国风能太阳能资源年景公报（2024 年）.docx
[2026-02-07 11:09:55] DEBUG: 文件处理完成: 中国风能太阳能资源年景公报（2024 年）.docx，提取到 20 个描述
[2026-02-07 11:09:55] DEBUG: 正在转换文件: 太阳能资源年景评估技术规范QXT 683-2023.docx
[2026-02-07 11:09:55] DEBUG: 文件处理完成: 太阳能资源年景评估技术规范QXT 683-2023.docx，提取到 0 个描述
[2026-02-07 11:09:55] DEBUG: 正在转换文件: 新型能源体系建设中的气象问题与技术进展.docx
[2026-02-07 11:09:55] DEBUG: 文件处理完成: 新型能源体系建设中的气象问题与技术进展.docx，提取到 3 个描述
[2026-02-07 11:09:55] DEBUG: 汇总文件已重新生成: /Users/yangjie/code/antigravity/doc转markdown处理工具/markdown/图表描述汇总.md
[2026-02-07 11:10:35] DEBUG: 找到 5 个待处理文件
[2026-02-07 11:10:35] DEBUG: 正在转换文件: NB_T 31147-2018 风电场工程风能资源测量与评估技术规范.docx
[2026-02-07 11:10:35] DEBUG: 文件处理完成: NB_T 31147-2018 风电场工程风能资源测量与评估技术规范.docx，提取到 2 个描述
[2026-02-07 11:10:35] DEBUG: 正在转换文件: 中国风能太阳能资源年景公报（2023 年）.docx
[2026-02-07 11:10:36] DEBUG: 文件处理完成: 中国风能太阳能资源年景公报（2023 年）.docx，提取到 5 个描述
[2026-02-07 11:10:36] DEBUG: 正在转换文件: 中国风能太阳能资源年景公报（2024 年）.docx
[2026-02-07 11:10:36] DEBUG: 文件处理完成: 中国风能太阳能资源年景公报（2024 年）.docx，提取到 20 个描述
[2026-02-07 11:10:36] DEBUG: 正在转换文件: 太阳能资源年景评估技术规范QXT 683-2023.docx
[2026-02-07 11:10:36] DEBUG: 文件处理完成: 太阳能资源年景评估技术规范QXT 683-2023.docx，提取到 0 个描述
[2026-02-07 11:10:36] DEBUG: 正在转换文件: 新型能源体系建设中的气象问题与技术进展.docx
[2026-02-07 11:10:36] DEBUG: 文件处理完成: 新型能源体系建设中的气象问题与技术进展.docx，提取到 3 个描述
[2026-02-07 11:10:36] DEBUG: 汇总文件已重新生成: /Users/yangjie/code/antigravity/doc转markdown处理工具/markdown/图表描述汇总.md
[2026-02-07 11:11:02] DEBUG: 找到 5 个待处理文件
[2026-02-07 11:11:02] DEBUG: 正在转换文件: NB_T 31147-2018 风电场工程风能资源测量与评估技术规范.docx
[2026-02-07 11:11:02] DEBUG: 文件处理完成: NB_T 31147-2018 风电场工程风能资源测量与评估技术规范.docx，提取到 2 个描述
[2026-02-07 11:11:02] DEBUG: 正在转换文件: 中国风能太阳能资源年景公报（2023 年）.docx
[2026-02-07 11:11:02] DEBUG: 文件处理完成: 中国风能太阳能资源年景公报（2023 年）.docx，提取到 5 个描述
[2026-02-07 11:11:02] DEBUG: 正在转换文件: 中国风能太阳能资源年景公报（2024 年）.docx
[2026-02-07 11:11:03] DEBUG: 文件处理完成: 中国风能太阳能资源年景公报（2024 年）.docx，提取到 20 个描述
[2026-02-07 11:11:03] DEBUG: 正在转换文件: 太阳能资源年景评估技术规范QXT 683-2023.docx
[2026-02-07 11:11:03] DEBUG: 文件处理完成: 太阳能资源年景评估技术规范QXT 683-2023.docx，提取到 0 个描述
[2026-02-07 11:11:03] DEBUG: 正在转换文件: 新型能源体系建设中的气象问题与技术进展.docx
[2026-02-07 11:11:03] DEBUG: 文件处理完成: 新型能源体系建设中的气象问题与技术进展.docx，提取到 3 个描述
[2026-02-07 11:11:03] DEBUG: 汇总文件已重新生成: /Users/yangjie/code/antigravity/doc转markdown处理工具/markdown/图表描述汇总.md
[2026-02-07 11:11:25] DEBUG: 找到 5 个待处理文件
[2026-02-07 11:11:25] DEBUG: 正在转换文件: NB_T 31147-2018 风电场工程风能资源测量与评估技术规范.docx
[2026-02-07 11:11:25] DEBUG: 文件处理完成: NB_T 31147-2018 风电场工程风能资源测量与评估技术规范.docx，提取到 2 个描述
[2026-02-07 11:11:25] DEBUG: 正在转换文件: 中国风能太阳能资源年景公报（2023 年）.docx
[2026-02-07 11:11:26] DEBUG: 文件处理完成: 中国风能太阳能资源年景公报（2023 年）.docx，提取到 5 个描述
[2026-02-07 11:11:26] DEBUG: 正在转换文件: 中国风能太阳能资源年景公报（2024 年）.docx
[2026-02-07 11:11:26] DEBUG: 文件处理完成: 中国风能太阳能资源年景公报（2024 年）.docx，提取到 20 个描述
[2026-02-07 11:11:26] DEBUG: 正在转换文件: 太阳能资源年景评估技术规范QXT 683-2023.docx
[2026-02-07 11:11:26] DEBUG: 文件处理完成: 太阳能资源年景评估技术规范QXT 683-2023.docx，提取到 0 个描述
[2026-02-07 11:11:26] DEBUG: 正在转换文件: 新型能源体系建设中的气象问题与技术进展.docx
[2026-02-07 11:11:26] DEBUG: 文件处理完成: 新型能源体系建设中的气象问题与技术进展.docx，提取到 3 个描述
[2026-02-07 11:11:26] DEBUG: 汇总文件已重新生成: /Users/yangjie/code/antigravity/doc转markdown处理工具/markdown/图表描述汇总.md
[2026-02-07 11:12:32] DEBUG: 找到 5 个待处理文件
[2026-02-07 11:12:32] DEBUG: 正在转换文件: NB_T 31147-2018 风电场工程风能资源测量与评估技术规范.docx
[2026-02-07 11:12:33] DEBUG: 文件处理完成: NB_T 31147-2018 风电场工程风能资源测量与评估技术规范.docx，提取到 2 个描述
[2026-02-07 11:12:33] DEBUG: 正在转换文件: 中国风能太阳能资源年景公报（2023 年）.docx
[2026-02-07 11:12:33] DEBUG: 文件处理完成: 中国风能太阳能资源年景公报（2023 年）.docx，提取到 5 个描述
[2026-02-07 11:12:33] DEBUG: 正在转换文件: 中国风能太阳能资源年景公报（2024 年）.docx
[2026-02-07 11:12:34] DEBUG: 文件处理完成: 中国风能太阳能资源年景公报（2024 年）.docx，提取到 20 个描述
[2026-02-07 11:12:34] DEBUG: 正在转换文件: 太阳能资源年景评估技术规范QXT 683-2023.docx
[2026-02-07 11:12:34] DEBUG: 文件处理完成: 太阳能资源年景评估技术规范QXT 683-2023.docx，提取到 0 个描述
[2026-02-07 11:12:34] DEBUG: 正在转换文件: 新型能源体系建设中的气象问题与技术进展.docx
[2026-02-07 11:12:34] DEBUG: 文件处理完成: 新型能源体系建设中的气象问题与技术进展.docx，提取到 3 个描述
[2026-02-07 11:12:34] DEBUG: 汇总文件已重新生成: /Users/yangjie/code/antigravity/doc转markdown处理工具/markdown/图表描述汇总.md
[2026-02-07 11:12:58] DEBUG: 找到 5 个待处理文件
[2026-02-07 11:12:58] DEBUG: 正在转换文件: NB_T 31147-2018 风电场工程风能资源测量与评估技术规范.docx
[2026-02-07 11:12:59] DEBUG: 文件处理完成: NB_T 31147-2018 风电场工程风能资源测量与评估技术规范.docx，提取到 2 个描述
[2026-02-07 11:12:59] DEBUG: 正在转换文件: 中国风能太阳能资源年景公报（2023 年）.docx
[2026-02-07 11:12:59] DEBUG: 文件处理完成: 中国风能太阳能资源年景公报（2023 年）.docx，提取到 5 个描述
[2026-02-07 11:12:59] DEBUG: 正在转换文件: 中国风能太阳能资源年景公报（2024 年）.docx
[2026-02-07 11:12:59] DEBUG: 文件处理完成: 中国风能太阳能资源年景公报（2024 年）.docx，提取到 20 个描述
[2026-02-07 11:12:59] DEBUG: 正在转换文件: 太阳能资源年景评估技术规范QXT 683-2023.docx
[2026-02-07 11:13:00] DEBUG: 文件处理完成: 太阳能资源年景评估技术规范QXT 683-2023.docx，提取到 0 个描述
[2026-02-07 11:13:00] DEBUG: 正在转换文件: 新型能源体系建设中的气象问题与技术进展.docx
[2026-02-07 11:13:00] DEBUG: 文件处理完成: 新型能源体系建设中的气象问题与技术进展.docx，提取到 3 个描述
[2026-02-07 11:13:00] DEBUG: 汇总文件已重新生成: /Users/yangjie/code/antigravity/doc转markdown处理工具/markdown/图表描述汇总.md
[2026-02-07 11:16:33] DEBUG: 找到 5 个待处理文件
[2026-02-07 11:16:33] DEBUG: 正在转换文件: NB_T 31147-2018 风电场工程风能资源测量与评估技术规范.docx
[2026-02-07 11:16:33] DEBUG: 文件处理完成: NB_T 31147-2018 风电场工程风能资源测量与评估技术规范.docx，提取到 2 个描述
[2026-02-07 11:16:33] DEBUG: 正在转换文件: 中国风能太阳能资源年景公报（2023 年）.docx
[2026-02-07 11:16:33] DEBUG: 文件处理完成: 中国风能太阳能资源年景公报（2023 年）.docx，提取到 5 个描述
[2026-02-07 11:16:33] DEBUG: 正在转换文件: 中国风能太阳能资源年景公报（2024 年）.docx
[2026-02-07 11:16:34] DEBUG: 文件处理完成: 中国风能太阳能资源年景公报（2024 年）.docx，提取到 20 个描述
[2026-02-07 11:16:34] DEBUG: 正在转换文件: 太阳能资源年景评估技术规范QXT 683-2023.docx
[2026-02-07 11:16:34] DEBUG: 文件处理完成: 太阳能资源年景评估技术规范QXT 683-2023.docx，提取到 0 个描述
[2026-02-07 11:16:34] DEBUG: 正在转换文件: 新型能源体系建设中的气象问题与技术进展.docx
[2026-02-07 11:16:34] DEBUG: 文件处理完成: 新型能源体系建设中的气象问题与技术进展.docx，提取到 3 个描述
[2026-02-07 11:16:34] DEBUG: 汇总文件已重新生成: /Users/yangjie/code/antigravity/doc转markdown处理工具/markdown/图表描述汇总.md
[2026-02-07 11:16:54] DEBUG: 找到 5 个待处理文件
[2026-02-07 11:16:54] DEBUG: 正在转换文件: NB_T 31147-2018 风电场工程风能资源测量与评估技术规范.docx
[2026-02-07 11:16:55] DEBUG: 文件处理完成: NB_T 31147-2018 风电场工程风能资源测量与评估技术规范.docx，提取到 2 个描述
[2026-02-07 11:16:55] DEBUG: 正在转换文件: 中国风能太阳能资源年景公报（2023 年）.docx
[2026-02-07 11:16:56] DEBUG: 文件处理完成: 中国风能太阳能资源年景公报（2023 年）.docx，提取到 5 个描述
[2026-02-07 11:16:56] DEBUG: 正在转换文件: 中国风能太阳能资源年景公报（2024 年）.docx
[2026-02-07 11:16:56] DEBUG: 文件处理完成: 中国风能太阳能资源年景公报（2024 年）.docx，提取到 20 个描述
[2026-02-07 11:16:56] DEBUG: 正在转换文件: 太阳能资源年景评估技术规范QXT 683-2023.docx
[2026-02-07 11:16:56] DEBUG: 文件处理完成: 太阳能资源年景评估技术规范QXT 683-2023.docx，提取到 0 个描述
[2026-02-07 11:16:56] DEBUG: 正在转换文件: 新型能源体系建设中的气象问题与技术进展.docx
[2026-02-07 11:16:56] DEBUG: 文件处理完成: 新型能源体系建设中的气象问题与技术进展.docx，提取到 3 个描述
[2026-02-07 11:16:56] DEBUG: 汇总文件已重新生成: /Users/yangjie/code/antigravity/doc转markdown处理工具/markdown/图表描述汇总.md
[2026-02-07 11:17:59] DEBUG: 找到 5 个待处理文件
[2026-02-07 11:17:59] DEBUG: 正在转换文件: NB_T 31147-2018 风电场工程风能资源测量与评估技术规范.docx
[2026-02-07 11:17:59] DEBUG: 文件处理完成: NB_T 31147-2018 风电场工程风能资源测量与评估技术规范.docx，提取到 2 个描述
[2026-02-07 11:17:59] DEBUG: 正在转换文件: 中国风能太阳能资源年景公报（2023 年）.docx
[2026-02-07 11:17:59] DEBUG: 文件处理完成: 中国风能太阳能资源年景公报（2023 年）.docx，提取到 5 个描述
[2026-02-07 11:17:59] DEBUG: 正在转换文件: 中国风能太阳能资源年景公报（2024 年）.docx
[2026-02-07 11:18:00] DEBUG: 文件处理完成: 中国风能太阳能资源年景公报（2024 年）.docx，提取到 20 个描述
[2026-02-07 11:18:00] DEBUG: 正在转换文件: 太阳能资源年景评估技术规范QXT 683-2023.docx
[2026-02-07 11:18:00] DEBUG: 文件处理完成: 太阳能资源年景评估技术规范QXT 683-2023.docx，提取到 0 个描述
[2026-02-07 11:18:00] DEBUG: 正在转换文件: 新型能源体系建设中的气象问题与技术进展.docx
[2026-02-07 11:18:00] DEBUG: 文件处理完成: 新型能源体系建设中的气象问题与技术进展.docx，提取到 3 个描述
[2026-02-07 11:18:00] DEBUG: 汇总文件已重新生成: /Users/yangjie/code/antigravity/doc转markdown处理工具/markdown/图表描述汇总.md
[2026-02-07 11:23:40] DEBUG: 找到 5 个待处理文件
[2026-02-07 11:23:40] DEBUG: 正在转换文件: NB_T 31147-2018 风电场工程风能资源测量与评估技术规范.docx
[2026-02-07 11:23:41] DEBUG: 文件处理完成: NB_T 31147-2018 风电场工程风能资源测量与评估技术规范.docx，提取到 2 个描述
[2026-02-07 11:23:41] DEBUG: 正在转换文件: 中国风能太阳能资源年景公报（2023 年）.docx
[2026-02-07 11:23:41] DEBUG: 文件处理完成: 中国风能太阳能资源年景公报（2023 年）.docx，提取到 5 个描述
[2026-02-07 11:23:41] DEBUG: 正在转换文件: 中国风能太阳能资源年景公报（2024 年）.docx
[2026-02-07 11:23:41] DEBUG: 文件处理完成: 中国风能太阳能资源年景公报（2024 年）.docx，提取到 20 个描述
[2026-02-07 11:23:41] DEBUG: 正在转换文件: 太阳能资源年景评估技术规范QXT 683-2023.docx
[2026-02-07 11:23:42] DEBUG: 文件处理完成: 太阳能资源年景评估技术规范QXT 683-2023.docx，提取到 0 个描述
[2026-02-07 11:23:42] DEBUG: 正在转换文件: 新型能源体系建设中的气象问题与技术进展.docx
[2026-02-07 11:23:42] DEBUG: 文件处理完成: 新型能源体系建设中的气象问题与技术进展.docx，提取到 3 个描述
[2026-02-07 11:23:42] DEBUG: 汇总文件已重新生成: /Users/yangjie/code/antigravity/doc转markdown处理工具/markdown/图表描述汇总.md
[2026-02-07 11:24:01] DEBUG: 找到 5 个待处理文件
[2026-02-07 11:24:01] DEBUG: 正在转换文件: NB_T 31147-2018 风电场工程风能资源测量与评估技术规范.docx
[2026-02-07 11:24:02] DEBUG: 文件处理完成: NB_T 31147-2018 风电场工程风能资源测量与评估技术规范.docx，提取到 2 个描述
[2026-02-07 11:24:02] DEBUG: 正在转换文件: 中国风能太阳能资源年景公报（2023 年）.docx
[2026-02-07 11:24:02] DEBUG: 文件处理完成: 中国风能太阳能资源年景公报（2023 年）.docx，提取到 5 个描述
[2026-02-07 11:24:02] DEBUG: 正在转换文件: 中国风能太阳能资源年景公报（2024 年）.docx
[2026-02-07 11:24:02] DEBUG: 文件处理完成: 中国风能太阳能资源年景公报（2024 年）.docx，提取到 20 个描述
[2026-02-07 11:24:02] DEBUG: 正在转换文件: 太阳能资源年景评估技术规范QXT 683-2023.docx
[2026-02-07 11:24:02] DEBUG: 文件处理完成: 太阳能资源年景评估技术规范QXT 683-2023.docx，提取到 0 个描述
[2026-02-07 11:24:02] DEBUG: 正在转换文件: 新型能源体系建设中的气象问题与技术进展.docx
[2026-02-07 11:24:03] DEBUG: 文件处理完成: 新型能源体系建设中的气象问题与技术进展.docx，提取到 3 个描述
[2026-02-07 11:24:03] DEBUG: 汇总文件已重新生成: /Users/yangjie/code/antigravity/doc转markdown处理工具/markdown/图表描述汇总.md
[2026-02-07 11:24:21] DEBUG: 找到 5 个待处理文件
[2026-02-07 11:24:21] DEBUG: 正在转换文件: NB_T 31147-2018 风电场工程风能资源测量与评估技术规范.docx
[2026-02-07 11:24:22] DEBUG: 文件处理完成: NB_T 31147-2018 风电场工程风能资源测量与评估技术规范.docx，提取到 2 个描述
[2026-02-07 11:24:22] DEBUG: 正在转换文件: 中国风能太阳能资源年景公报（2023 年）.docx
[2026-02-07 11:24:22] DEBUG: 文件处理完成: 中国风能太阳能资源年景公报（2023 年）.docx，提取到 5 个描述
[2026-02-07 11:24:22] DEBUG: 正在转换文件: 中国风能太阳能资源年景公报（2024 年）.docx
[2026-02-07 11:24:22] DEBUG: 文件处理完成: 中国风能太阳能资源年景公报（2024 年）.docx，提取到 20 个描述
[2026-02-07 11:24:22] DEBUG: 正在转换文件: 太阳能资源年景评估技术规范QXT 683-2023.docx
[2026-02-07 11:24:22] DEBUG: 文件处理完成: 太阳能资源年景评估技术规范QXT 683-2023.docx，提取到 0 个描述
[2026-02-07 11:24:22] DEBUG: 正在转换文件: 新型能源体系建设中的气象问题与技术进展.docx
[2026-02-07 11:24:23] DEBUG: 文件处理完成: 新型能源体系建设中的气象问题与技术进展.docx，提取到 3 个描述
[2026-02-07 11:24:23] DEBUG: 汇总文件已重新生成: /Users/yangjie/code/antigravity/doc转markdown处理工具/markdown/图表描述汇总.md
[2026-02-07 11:24:45] DEBUG: 找到 5 个待处理文件
[2026-02-07 11:24:45] DEBUG: 正在转换文件: NB_T 31147-2018 风电场工程风能资源测量与评估技术规范.docx
[2026-02-07 11:24:45] DEBUG: 文件处理完成: NB_T 31147-2018 风电场工程风能资源测量与评估技术规范.docx，提取到 2 个描述
[2026-02-07 11:24:45] DEBUG: 正在转换文件: 中国风能太阳能资源年景公报（2023 年）.docx
[2026-02-07 11:24:45] DEBUG: 文件处理完成: 中国风能太阳能资源年景公报（2023 年）.docx，提取到 5 个描述
[2026-02-07 11:24:45] DEBUG: 正在转换文件: 中国风能太阳能资源年景公报（2024 年）.docx
[2026-02-07 11:24:46] DEBUG: 文件处理完成: 中国风能太阳能资源年景公报（2024 年）.docx，提取到 20 个描述
[2026-02-07 11:24:46] DEBUG: 正在转换文件: 太阳能资源年景评估技术规范QXT 683-2023.docx
[2026-02-07 11:24:46] DEBUG: 文件处理完成: 太阳能资源年景评估技术规范QXT 683-2023.docx，提取到 0 个描述
[2026-02-07 11:24:46] DEBUG: 正在转换文件: 新型能源体系建设中的气象问题与技术进展.docx
[2026-02-07 11:24:46] DEBUG: 文件处理完成: 新型能源体系建设中的气象问题与技术进展.docx，提取到 3 个描述
[2026-02-07 11:24:46] DEBUG: 汇总文件已重新生成: /Users/yangjie/code/antigravity/doc转markdown处理工具/markdown/图表描述汇总.md
[2026-02-07 11:25:03] DEBUG: 找到 5 个待处理文件
[2026-02-07 11:25:03] DEBUG: 正在转换文件: NB_T 31147-2018 风电场工程风能资源测量与评估技术规范.docx
[2026-02-07 11:25:04] DEBUG: 文件处理完成: NB_T 31147-2018 风电场工程风能资源测量与评估技术规范.docx，提取到 2 个描述
[2026-02-07 11:25:04] DEBUG: 正在转换文件: 中国风能太阳能资源年景公报（2023 年）.docx
[2026-02-07 11:25:04] DEBUG: 文件处理完成: 中国风能太阳能资源年景公报（2023 年）.docx，提取到 5 个描述
[2026-02-07 11:25:04] DEBUG: 正在转换文件: 中国风能太阳能资源年景公报（2024 年）.docx
[2026-02-07 11:25:04] DEBUG: 文件处理完成: 中国风能太阳能资源年景公报（2024 年）.docx，提取到 20 个描述
[2026-02-07 11:25:04] DEBUG: 正在转换文件: 太阳能资源年景评估技术规范QXT 683-2023.docx
[2026-02-07 11:25:04] DEBUG: 文件处理完成: 太阳能资源年景评估技术规范QXT 683-2023.docx，提取到 0 个描述
[2026-02-07 11:25:04] DEBUG: 正在转换文件: 新型能源体系建设中的气象问题与技术进展.docx
[2026-02-07 11:25:04] DEBUG: 文件处理完成: 新型能源体系建设中的气象问题与技术进展.docx，提取到 3 个描述
[2026-02-07 11:25:04] DEBUG: 汇总文件已重新生成: /Users/yangjie/code/antigravity/doc转markdown处理工具/markdown/图表描述汇总.md
[2026-02-07 11:25:24] DEBUG: 找到 5 个待处理文件
[2026-02-07 11:25:24] DEBUG: 正在转换文件: NB_T 31147-2018 风电场工程风能资源测量与评估技术规范.docx
[2026-02-07 11:25:24] DEBUG: 文件处理完成: NB_T 31147-2018 风电场工程风能资源测量与评估技术规范.docx，提取到 2 个描述
[2026-02-07 11:25:24] DEBUG: 正在转换文件: 中国风能太阳能资源年景公报（2023 年）.docx
[2026-02-07 11:25:25] DEBUG: 文件处理完成: 中国风能太阳能资源年景公报（2023 年）.docx，提取到 5 个描述
[2026-02-07 11:25:25] DEBUG: 正在转换文件: 中国风能太阳能资源年景公报（2024 年）.docx
[2026-02-07 11:25:25] DEBUG: 文件处理完成: 中国风能太阳能资源年景公报（2024 年）.docx，提取到 20 个描述
[2026-02-07 11:25:25] DEBUG: 正在转换文件: 太阳能资源年景评估技术规范QXT 683-2023.docx
[2026-02-07 11:25:25] DEBUG: 文件处理完成: 太阳能资源年景评估技术规范QXT 683-2023.docx，提取到 0 个描述
[2026-02-07 11:25:25] DEBUG: 正在转换文件: 新型能源体系建设中的气象问题与技术进展.docx
[2026-02-07 11:25:25] DEBUG: 文件处理完成: 新型能源体系建设中的气象问题与技术进展.docx，提取到 3 个描述
[2026-02-07 11:25:25] DEBUG: 汇总文件已重新生成: /Users/yangjie/code/antigravity/doc转markdown处理工具/markdown/图表描述汇总.md
[2026-02-07 11:25:46] DEBUG: 找到 5 个待处理文件
[2026-02-07 11:25:46] DEBUG: 正在转换文件: NB_T 31147-2018 风电场工程风能资源测量与评估技术规范.docx
[2026-02-07 11:25:47] DEBUG: 文件处理完成: NB_T 31147-2018 风电场工程风能资源测量与评估技术规范.docx，提取到 2 个描述
[2026-02-07 11:25:47] DEBUG: 正在转换文件: 中国风能太阳能资源年景公报（2023 年）.docx
[2026-02-07 11:25:47] DEBUG: 文件处理完成: 中国风能太阳能资源年景公报（2023 年）.docx，提取到 5 个描述
[2026-02-07 11:25:47] DEBUG: 正在转换文件: 中国风能太阳能资源年景公报（2024 年）.docx
[2026-02-07 11:25:47] DEBUG: 文件处理完成: 中国风能太阳能资源年景公报（2024 年）.docx，提取到 20 个描述
[2026-02-07 11:25:47] DEBUG: 正在转换文件: 太阳能资源年景评估技术规范QXT 683-2023.docx
[2026-02-07 11:25:47] DEBUG: 文件处理完成: 太阳能资源年景评估技术规范QXT 683-2023.docx，提取到 0 个描述
[2026-02-07 11:25:47] DEBUG: 正在转换文件: 新型能源体系建设中的气象问题与技术进展.docx
[2026-02-07 11:25:47] DEBUG: 文件处理完成: 新型能源体系建设中的气象问题与技术进展.docx，提取到 3 个描述
[2026-02-07 11:25:47] DEBUG: 汇总文件已重新生成: /Users/yangjie/code/antigravity/doc转markdown处理工具/markdown/图表描述汇总.md
[2026-02-07 11:29:38] REPORT: 开始全流程转换任务...
[2026-02-07 11:29:38] REPORT: 共找到 5 个待处理文件
[2026-02-07 11:29:38] REPORT: 步骤 1/3: 执行基础转换与定制逻辑...
[2026-02-07 11:29:38] DEBUG: 找到 5 个待处理文件
[2026-02-07 11:29:38] DEBUG: 正在转换文件: NB_T 31147-2018 风电场工程风能资源测量与评估技术规范.docx
[2026-02-07 11:29:39] DEBUG: 文件处理完成: NB_T 31147-2018 风电场工程风能资源测量与评估技术规范.docx，提取到 2 个描述
[2026-02-07 11:29:39] DEBUG: 正在转换文件: 中国风能太阳能资源年景公报（2023 年）.docx
[2026-02-07 11:29:39] DEBUG: 文件处理完成: 中国风能太阳能资源年景公报（2023 年）.docx，提取到 5 个描述
[2026-02-07 11:29:39] DEBUG: 正在转换文件: 中国风能太阳能资源年景公报（2024 年）.docx
[2026-02-07 11:29:39] DEBUG: 文件处理完成: 中国风能太阳能资源年景公报（2024 年）.docx，提取到 20 个描述
[2026-02-07 11:29:39] DEBUG: 正在转换文件: 太阳能资源年景评估技术规范QXT 683-2023.docx
[2026-02-07 11:29:39] DEBUG: 文件处理完成: 太阳能资源年景评估技术规范QXT 683-2023.docx，提取到 0 个描述
[2026-02-07 11:29:39] DEBUG: 正在转换文件: 新型能源体系建设中的气象问题与技术进展.docx
[2026-02-07 11:29:39] DEBUG: 文件处理完成: 新型能源体系建设中的气象问题与技术进展.docx，提取到 3 个描述
[2026-02-07 11:29:39] DEBUG: 汇总文件已重新生成: /Users/yangjie/code/antigravity/doc转markdown处理工具/markdown/图表描述汇总.md
[2026-02-07 11:29:39] REPORT: 步骤 2/3: 执行深度清洗与段落优化...
[2026-02-07 11:29:39] REPORT: 步骤 3/3: 执行最终排版润色...
[2026-02-07 11:29:39] REPORT: ------------------------------
[2026-02-07 11:29:39] REPORT: 转换结果核对报告：
[2026-02-07 11:29:39] REPORT:   - 太阳能资源年景评估技术规范QXT 683-2023.docx: ✅ 成功 | 验证通过 (大小: 12024 bytes)
[2026-02-07 11:29:39] REPORT:   - 中国风能太阳能资源年景公报（2023 年）.docx: ✅ 成功 | 验证通过 (大小: 34297 bytes)
[2026-02-07 11:29:39] REPORT:   - 新型能源体系建设中的气象问题与技术进展.docx: ✅ 成功 | 验证通过 (大小: 54361 bytes)
[2026-02-07 11:29:39] REPORT:   - NB_T 31147-2018 风电场工程风能资源测量与评估技术规范.docx: ✅ 成功 | 验证通过 (大小: 61145 bytes)
[2026-02-07 11:29:39] REPORT:   - 中国风能太阳能资源年景公报（2024 年）.docx: ✅ 成功 | 验证通过 (大小: 33676 bytes)
[2026-02-07 11:29:39] REPORT: ------------------------------
[2026-02-07 11:29:39] REPORT: 全部任务完成！耗时: 1.55s
[2026-02-07 11:29:39] REPORT: 成功: 5 / 总数: 5
[2026-02-07 11:29:39] REPORT: 输出目录: /Users/yangjie/code/antigravity/doc转markdown处理工具/markdown
[2026-02-07 11:40:00] 全部文件转换成功，生成 run_all.py 并完成全量验证。
[2026-02-07 11:31:57] REPORT: 开始全流程转换任务...
[2026-02-07 11:31:57] REPORT: 共找到 5 个待处理文件
[2026-02-07 11:31:57] REPORT: 步骤 1/3: 执行基础转换与定制逻辑...
[2026-02-07 11:31:57] DEBUG: 找到 5 个待处理文件
[2026-02-07 11:31:57] DEBUG: 正在转换文件: NB_T 31147-2018 风电场工程风能资源测量与评估技术规范.docx
[2026-02-07 11:31:57] DEBUG: 文件处理完成: NB_T 31147-2018 风电场工程风能资源测量与评估技术规范.docx，提取到 2 个描述
[2026-02-07 11:31:57] DEBUG: 正在转换文件: 中国风能太阳能资源年景公报（2023 年）.docx
[2026-02-07 11:31:57] DEBUG: 文件处理完成: 中国风能太阳能资源年景公报（2023 年）.docx，提取到 5 个描述
[2026-02-07 11:31:57] DEBUG: 正在转换文件: 中国风能太阳能资源年景公报（2024 年）.docx
[2026-02-07 11:31:58] DEBUG: 文件处理完成: 中国风能太阳能资源年景公报（2024 年）.docx，提取到 20 个描述
[2026-02-07 11:31:58] DEBUG: 正在转换文件: 太阳能资源年景评估技术规范QXT 683-2023.docx
[2026-02-07 11:31:58] DEBUG: 文件处理完成: 太阳能资源年景评估技术规范QXT 683-2023.docx，提取到 0 个描述
[2026-02-07 11:31:58] DEBUG: 正在转换文件: 新型能源体系建设中的气象问题与技术进展.docx
[2026-02-07 11:31:58] DEBUG: 文件处理完成: 新型能源体系建设中的气象问题与技术进展.docx，提取到 3 个描述
[2026-02-07 11:31:58] DEBUG: 汇总文件已重新生成: /Users/yangjie/code/antigravity/doc转markdown处理工具/markdown/图表描述汇总.md
[2026-02-07 11:31:58] REPORT: 步骤 2/3: 执行深度清洗与段落优化...
[2026-02-07 11:31:58] REPORT: 步骤 3/3: 执行最终排版润色...
[2026-02-07 11:31:58] REPORT: ------------------------------
[2026-02-07 11:31:58] REPORT: 转换结果核对报告：
[2026-02-07 11:31:58] REPORT:   - 太阳能资源年景评估技术规范QXT 683-2023.docx: ✅ 成功 | 验证通过 (大小: 11805 bytes)
[2026-02-07 11:31:58] REPORT:   - 中国风能太阳能资源年景公报（2023 年）.docx: ✅ 成功 | 验证通过 (大小: 34297 bytes)
[2026-02-07 11:31:58] REPORT:   - 新型能源体系建设中的气象问题与技术进展.docx: ✅ 成功 | 验证通过 (大小: 54361 bytes)
[2026-02-07 11:31:58] REPORT:   - NB_T 31147-2018 风电场工程风能资源测量与评估技术规范.docx: ✅ 成功 | 验证通过 (大小: 61145 bytes)
[2026-02-07 11:31:58] REPORT:   - 中国风能太阳能资源年景公报（2024 年）.docx: ✅ 成功 | 验证通过 (大小: 33676 bytes)
[2026-02-07 11:31:58] REPORT: ------------------------------
[2026-02-07 11:31:58] REPORT: 全部任务完成！耗时: 1.63s
[2026-02-07 11:31:58] REPORT: 成功: 5 / 总数: 5
[2026-02-07 11:31:58] REPORT: 输出目录: /Users/yangjie/code/antigravity/doc转markdown处理工具/markdown
[2026-02-07 11:32:22] REPORT: 开始全流程转换任务...
[2026-02-07 11:32:22] REPORT: 共找到 5 个待处理文件
[2026-02-07 11:32:22] REPORT: 步骤 1/3: 执行基础转换与定制逻辑...
[2026-02-07 11:32:22] DEBUG: 找到 5 个待处理文件
[2026-02-07 11:32:22] DEBUG: 正在转换文件: NB_T 31147-2018 风电场工程风能资源测量与评估技术规范.docx
[2026-02-07 11:32:23] DEBUG: 文件处理完成: NB_T 31147-2018 风电场工程风能资源测量与评估技术规范.docx，提取到 2 个描述
[2026-02-07 11:32:23] DEBUG: 正在转换文件: 中国风能太阳能资源年景公报（2023 年）.docx
[2026-02-07 11:32:23] DEBUG: 文件处理完成: 中国风能太阳能资源年景公报（2023 年）.docx，提取到 5 个描述
[2026-02-07 11:32:23] DEBUG: 正在转换文件: 中国风能太阳能资源年景公报（2024 年）.docx
[2026-02-07 11:32:23] DEBUG: 文件处理完成: 中国风能太阳能资源年景公报（2024 年）.docx，提取到 20 个描述
[2026-02-07 11:32:23] DEBUG: 正在转换文件: 太阳能资源年景评估技术规范QXT 683-2023.docx
[2026-02-07 11:32:23] DEBUG: 文件处理完成: 太阳能资源年景评估技术规范QXT 683-2023.docx，提取到 0 个描述
[2026-02-07 11:32:23] DEBUG: 正在转换文件: 新型能源体系建设中的气象问题与技术进展.docx
[2026-02-07 11:32:23] DEBUG: 文件处理完成: 新型能源体系建设中的气象问题与技术进展.docx，提取到 3 个描述
[2026-02-07 11:32:23] DEBUG: 汇总文件已重新生成: /Users/yangjie/code/antigravity/doc转markdown处理工具/markdown/图表描述汇总.md
[2026-02-07 11:32:23] REPORT: 步骤 2/3: 执行深度清洗与段落优化...
[2026-02-07 11:32:23] REPORT: 步骤 3/3: 执行最终排版润色...
[2026-02-07 11:32:23] REPORT: ------------------------------
[2026-02-07 11:32:23] REPORT: 转换结果核对报告：
[2026-02-07 11:32:23] REPORT:   - 太阳能资源年景评估技术规范QXT 683-2023.docx: ✅ 成功 | 验证通过 (大小: 10978 bytes)
[2026-02-07 11:32:23] REPORT:   - 中国风能太阳能资源年景公报（2023 年）.docx: ✅ 成功 | 验证通过 (大小: 34297 bytes)
[2026-02-07 11:32:23] REPORT:   - 新型能源体系建设中的气象问题与技术进展.docx: ✅ 成功 | 验证通过 (大小: 54361 bytes)
[2026-02-07 11:32:23] REPORT:   - NB_T 31147-2018 风电场工程风能资源测量与评估技术规范.docx: ✅ 成功 | 验证通过 (大小: 61145 bytes)
[2026-02-07 11:32:23] REPORT:   - 中国风能太阳能资源年景公报（2024 年）.docx: ✅ 成功 | 验证通过 (大小: 33676 bytes)
[2026-02-07 11:32:23] REPORT: ------------------------------
[2026-02-07 11:32:23] REPORT: 全部任务完成！耗时: 1.62s
[2026-02-07 11:32:23] REPORT: 成功: 5 / 总数: 5
[2026-02-07 11:32:23] REPORT: 输出目录: /Users/yangjie/code/antigravity/doc转markdown处理工具/markdown
[2026-02-07 11:32:48] REPORT: 开始全流程转换任务...
[2026-02-07 11:32:48] REPORT: 共找到 5 个待处理文件
[2026-02-07 11:32:48] REPORT: 步骤 1/3: 执行基础转换与定制逻辑...
[2026-02-07 11:32:48] DEBUG: 找到 5 个待处理文件
[2026-02-07 11:32:48] DEBUG: 正在转换文件: NB_T 31147-2018 风电场工程风能资源测量与评估技术规范.docx
[2026-02-07 11:32:48] DEBUG: 文件处理完成: NB_T 31147-2018 风电场工程风能资源测量与评估技术规范.docx，提取到 2 个描述
[2026-02-07 11:32:48] DEBUG: 正在转换文件: 中国风能太阳能资源年景公报（2023 年）.docx
[2026-02-07 11:32:48] DEBUG: 文件处理完成: 中国风能太阳能资源年景公报（2023 年）.docx，提取到 5 个描述
[2026-02-07 11:32:48] DEBUG: 正在转换文件: 中国风能太阳能资源年景公报（2024 年）.docx
[2026-02-07 11:32:49] DEBUG: 文件处理完成: 中国风能太阳能资源年景公报（2024 年）.docx，提取到 20 个描述
[2026-02-07 11:32:49] DEBUG: 正在转换文件: 太阳能资源年景评估技术规范QXT 683-2023.docx
[2026-02-07 11:32:49] DEBUG: 文件处理完成: 太阳能资源年景评估技术规范QXT 683-2023.docx，提取到 0 个描述
[2026-02-07 11:32:49] DEBUG: 正在转换文件: 新型能源体系建设中的气象问题与技术进展.docx
[2026-02-07 11:32:49] DEBUG: 文件处理完成: 新型能源体系建设中的气象问题与技术进展.docx，提取到 3 个描述
[2026-02-07 11:32:49] DEBUG: 汇总文件已重新生成: /Users/yangjie/code/antigravity/doc转markdown处理工具/markdown/图表描述汇总.md
[2026-02-07 11:32:49] REPORT: 步骤 2/3: 执行深度清洗与段落优化...
[2026-02-07 11:32:49] REPORT: 步骤 3/3: 执行最终排版润色...
[2026-02-07 11:32:49] REPORT: ------------------------------
[2026-02-07 11:32:49] REPORT: 转换结果核对报告：
[2026-02-07 11:32:49] REPORT:   - 太阳能资源年景评估技术规范QXT 683-2023.docx: ✅ 成功 | 验证通过 (大小: 10813 bytes)
[2026-02-07 11:32:49] REPORT:   - 中国风能太阳能资源年景公报（2023 年）.docx: ✅ 成功 | 验证通过 (大小: 34297 bytes)
[2026-02-07 11:32:49] REPORT:   - 新型能源体系建设中的气象问题与技术进展.docx: ✅ 成功 | 验证通过 (大小: 54361 bytes)
[2026-02-07 11:32:49] REPORT:   - NB_T 31147-2018 风电场工程风能资源测量与评估技术规范.docx: ✅ 成功 | 验证通过 (大小: 61145 bytes)
[2026-02-07 11:32:49] REPORT:   - 中国风能太阳能资源年景公报（2024 年）.docx: ✅ 成功 | 验证通过 (大小: 33676 bytes)
[2026-02-07 11:32:49] REPORT: ------------------------------
[2026-02-07 11:32:49] REPORT: 全部任务完成！耗时: 1.49s
[2026-02-07 11:32:49] REPORT: 成功: 5 / 总数: 5
[2026-02-07 11:32:49] REPORT: 输出目录: /Users/yangjie/code/antigravity/doc转markdown处理工具/markdown
[2026-02-07 11:44:27] REPORT: 开始全流程转换任务...
[2026-02-07 11:44:27] REPORT: 共找到 5 个待处理文件
[2026-02-07 11:44:27] REPORT: 步骤 1/3: 执行基础转换与定制逻辑...
[2026-02-07 11:44:27] DEBUG: 找到 5 个待处理文件
[2026-02-07 11:44:27] DEBUG: 正在转换文件: NB_T 31147-2018 风电场工程风能资源测量与评估技术规范.docx
[2026-02-07 11:44:28] DEBUG: 文件处理完成: NB_T 31147-2018 风电场工程风能资源测量与评估技术规范.docx，提取到 2 个描述
[2026-02-07 11:44:28] DEBUG: 正在转换文件: 中国风能太阳能资源年景公报（2023 年）.docx
[2026-02-07 11:44:28] DEBUG: 文件处理完成: 中国风能太阳能资源年景公报（2023 年）.docx，提取到 5 个描述
[2026-02-07 11:44:28] DEBUG: 正在转换文件: 中国风能太阳能资源年景公报（2024 年）.docx
[2026-02-07 11:44:28] DEBUG: 文件处理完成: 中国风能太阳能资源年景公报（2024 年）.docx，提取到 20 个描述
[2026-02-07 11:44:28] DEBUG: 正在转换文件: 太阳能资源年景评估技术规范QXT 683-2023.docx
[2026-02-07 11:44:29] DEBUG: 文件处理完成: 太阳能资源年景评估技术规范QXT 683-2023.docx，提取到 0 个描述
[2026-02-07 11:44:29] DEBUG: 正在转换文件: 新型能源体系建设中的气象问题与技术进展.docx
[2026-02-07 11:44:29] DEBUG: 文件处理完成: 新型能源体系建设中的气象问题与技术进展.docx，提取到 3 个描述
[2026-02-07 11:44:29] DEBUG: 汇总文件已重新生成: /Users/yangjie/code/antigravity/doc转markdown处理工具/markdown/图表描述汇总.md
[2026-02-07 11:44:29] REPORT: 步骤 2/3: 执行深度清洗与段落优化...
[2026-02-07 11:44:29] REPORT: 步骤 3/3: 执行最终排版润色...
[2026-02-07 11:44:29] REPORT: ------------------------------
[2026-02-07 11:44:29] REPORT: 转换结果核对报告：
[2026-02-07 11:44:29] REPORT:   - 太阳能资源年景评估技术规范QXT 683-2023.docx: ✅ 成功 | 验证通过 (大小: 10683 bytes)
[2026-02-07 11:44:29] REPORT:   - 中国风能太阳能资源年景公报（2023 年）.docx: ✅ 成功 | 验证通过 (大小: 34297 bytes)
[2026-02-07 11:44:29] REPORT:   - 新型能源体系建设中的气象问题与技术进展.docx: ✅ 成功 | 验证通过 (大小: 54361 bytes)
[2026-02-07 11:44:29] REPORT:   - NB_T 31147-2018 风电场工程风能资源测量与评估技术规范.docx: ✅ 成功 | 验证通过 (大小: 61145 bytes)
[2026-02-07 11:44:29] REPORT:   - 中国风能太阳能资源年景公报（2024 年）.docx: ✅ 成功 | 验证通过 (大小: 33676 bytes)
[2026-02-07 11:44:29] REPORT: ------------------------------
[2026-02-07 11:44:29] REPORT: 全部任务完成！耗时: 1.47s
[2026-02-07 11:44:29] REPORT: 成功: 5 / 总数: 5
[2026-02-07 11:44:29] REPORT: 输出目录: /Users/yangjie/code/antigravity/doc转markdown处理工具/markdown
[2026-02-07 11:51:41] REPORT: 开始全流程转换任务...
[2026-02-07 11:51:41] REPORT: 共找到 5 个待处理文件
[2026-02-07 11:51:41] REPORT: 步骤 1/3: 执行基础转换与定制逻辑...
[2026-02-07 11:51:41] DEBUG: 找到 5 个待处理文件
[2026-02-07 11:51:41] DEBUG: 正在转换文件: NB_T 31147-2018 风电场工程风能资源测量与评估技术规范.docx
[2026-02-07 11:51:41] DEBUG: 文件处理完成: NB_T 31147-2018 风电场工程风能资源测量与评估技术规范.docx，提取到 2 个描述
[2026-02-07 11:51:41] DEBUG: 正在转换文件: 中国风能太阳能资源年景公报（2023 年）.docx
[2026-02-07 11:51:41] DEBUG: 文件处理完成: 中国风能太阳能资源年景公报（2023 年）.docx，提取到 5 个描述
[2026-02-07 11:51:41] DEBUG: 正在转换文件: 中国风能太阳能资源年景公报（2024 年）.docx
[2026-02-07 11:51:42] DEBUG: 文件处理完成: 中国风能太阳能资源年景公报（2024 年）.docx，提取到 20 个描述
[2026-02-07 11:51:42] DEBUG: 正在转换文件: 太阳能资源年景评估技术规范QXT 683-2023.docx
[2026-02-07 11:51:42] DEBUG: 文件处理完成: 太阳能资源年景评估技术规范QXT 683-2023.docx，提取到 0 个描述
[2026-02-07 11:51:42] DEBUG: 正在转换文件: 新型能源体系建设中的气象问题与技术进展.docx
[2026-02-07 11:51:42] DEBUG: 文件处理完成: 新型能源体系建设中的气象问题与技术进展.docx，提取到 3 个描述
[2026-02-07 11:51:42] DEBUG: 汇总文件已重新生成: /Users/yangjie/code/antigravity/doc转markdown处理工具/markdown/图表描述汇总.md
[2026-02-07 11:51:42] REPORT: 步骤 2/3: 执行深度清洗与段落优化...
[2026-02-07 11:51:42] REPORT: 步骤 3/3: 执行最终排版润色...
[2026-02-07 11:51:42] REPORT: ------------------------------
[2026-02-07 11:51:42] REPORT: 转换结果核对报告：
[2026-02-07 11:51:42] REPORT:   - 太阳能资源年景评估技术规范QXT 683-2023.docx: ✅ 成功 | 验证通过 (大小: 10690 bytes)
[2026-02-07 11:51:42] REPORT:   - 中国风能太阳能资源年景公报（2023 年）.docx: ✅ 成功 | 验证通过 (大小: 34297 bytes)
[2026-02-07 11:51:42] REPORT:   - 新型能源体系建设中的气象问题与技术进展.docx: ✅ 成功 | 验证通过 (大小: 54361 bytes)
[2026-02-07 11:51:42] REPORT:   - NB_T 31147-2018 风电场工程风能资源测量与评估技术规范.docx: ✅ 成功 | 验证通过 (大小: 61145 bytes)
[2026-02-07 11:51:42] REPORT:   - 中国风能太阳能资源年景公报（2024 年）.docx: ✅ 成功 | 验证通过 (大小: 33676 bytes)
[2026-02-07 11:51:42] REPORT: ------------------------------
[2026-02-07 11:51:42] REPORT: 全部任务完成！耗时: 1.52s
[2026-02-07 11:51:42] REPORT: 成功: 5 / 总数: 5
[2026-02-07 11:51:42] REPORT: 输出目录: /Users/yangjie/code/antigravity/doc转markdown处理工具/markdown
[2026-02-07 11:52:12] REPORT: 开始全流程转换任务...
[2026-02-07 11:52:12] REPORT: 共找到 5 个待处理文件
[2026-02-07 11:52:12] REPORT: 步骤 1/3: 执行基础转换与定制逻辑...
[2026-02-07 11:52:12] DEBUG: 找到 5 个待处理文件
[2026-02-07 11:52:12] DEBUG: 正在转换文件: NB_T 31147-2018 风电场工程风能资源测量与评估技术规范.docx
[2026-02-07 11:52:12] DEBUG: 文件处理完成: NB_T 31147-2018 风电场工程风能资源测量与评估技术规范.docx，提取到 2 个描述
[2026-02-07 11:52:12] DEBUG: 正在转换文件: 中国风能太阳能资源年景公报（2023 年）.docx
[2026-02-07 11:52:13] DEBUG: 文件处理完成: 中国风能太阳能资源年景公报（2023 年）.docx，提取到 5 个描述
[2026-02-07 11:52:13] DEBUG: 正在转换文件: 中国风能太阳能资源年景公报（2024 年）.docx
[2026-02-07 11:52:13] DEBUG: 文件处理完成: 中国风能太阳能资源年景公报（2024 年）.docx，提取到 20 个描述
[2026-02-07 11:52:13] DEBUG: 正在转换文件: 太阳能资源年景评估技术规范QXT 683-2023.docx
[2026-02-07 11:52:13] DEBUG: 文件处理完成: 太阳能资源年景评估技术规范QXT 683-2023.docx，提取到 0 个描述
[2026-02-07 11:52:13] DEBUG: 正在转换文件: 新型能源体系建设中的气象问题与技术进展.docx
[2026-02-07 11:52:13] DEBUG: 文件处理完成: 新型能源体系建设中的气象问题与技术进展.docx，提取到 3 个描述
[2026-02-07 11:52:13] DEBUG: 汇总文件已重新生成: /Users/yangjie/code/antigravity/doc转markdown处理工具/markdown/图表描述汇总.md
[2026-02-07 11:52:13] REPORT: 步骤 2/3: 执行深度清洗与段落优化...
[2026-02-07 11:52:13] REPORT: 步骤 3/3: 执行最终排版润色...
[2026-02-07 11:52:13] REPORT: ------------------------------
[2026-02-07 11:52:13] REPORT: 转换结果核对报告：
[2026-02-07 11:52:13] REPORT:   - 太阳能资源年景评估技术规范QXT 683-2023.docx: ✅ 成功 | 验证通过 (大小: 10656 bytes)
[2026-02-07 11:52:13] REPORT:   - 中国风能太阳能资源年景公报（2023 年）.docx: ✅ 成功 | 验证通过 (大小: 34297 bytes)
[2026-02-07 11:52:13] REPORT:   - 新型能源体系建设中的气象问题与技术进展.docx: ✅ 成功 | 验证通过 (大小: 54361 bytes)
[2026-02-07 11:52:13] REPORT:   - NB_T 31147-2018 风电场工程风能资源测量与评估技术规范.docx: ✅ 成功 | 验证通过 (大小: 61145 bytes)
[2026-02-07 11:52:13] REPORT:   - 中国风能太阳能资源年景公报（2024 年）.docx: ✅ 成功 | 验证通过 (大小: 33676 bytes)
[2026-02-07 11:52:13] REPORT: ------------------------------
[2026-02-07 11:52:13] REPORT: 全部任务完成！耗时: 1.52s
[2026-02-07 11:52:13] REPORT: 成功: 5 / 总数: 5
[2026-02-07 11:52:13] REPORT: 输出目录: /Users/yangjie/code/antigravity/doc转markdown处理工具/markdown
[2026-02-07 12:10:56] REPORT: 开始全流程转换任务...
[2026-02-07 12:10:56] REPORT: 共找到 5 个待处理文件
[2026-02-07 12:10:56] REPORT: 步骤 1/3: 执行基础转换与定制逻辑...
[2026-02-07 12:10:56] DEBUG: 找到 5 个待处理文件
[2026-02-07 12:10:56] DEBUG: 正在转换文件: NB_T 31147-2018 风电场工程风能资源测量与评估技术规范.docx
[2026-02-07 12:10:56] DEBUG: 文件处理完成: NB_T 31147-2018 风电场工程风能资源测量与评估技术规范.docx，提取到 2 个描述
[2026-02-07 12:10:56] DEBUG: 正在转换文件: 中国风能太阳能资源年景公报（2023 年）.docx
[2026-02-07 12:10:57] DEBUG: 文件处理完成: 中国风能太阳能资源年景公报（2023 年）.docx，提取到 5 个描述
[2026-02-07 12:10:57] DEBUG: 正在转换文件: 中国风能太阳能资源年景公报（2024 年）.docx
[2026-02-07 12:10:57] DEBUG: 文件处理完成: 中国风能太阳能资源年景公报（2024 年）.docx，提取到 20 个描述
[2026-02-07 12:10:57] DEBUG: 正在转换文件: 太阳能资源年景评估技术规范QXT 683-2023.docx
[2026-02-07 12:10:57] DEBUG: 文件处理完成: 太阳能资源年景评估技术规范QXT 683-2023.docx，提取到 0 个描述
[2026-02-07 12:10:57] DEBUG: 正在转换文件: 新型能源体系建设中的气象问题与技术进展.docx
[2026-02-07 12:10:57] DEBUG: 文件处理完成: 新型能源体系建设中的气象问题与技术进展.docx，提取到 3 个描述
[2026-02-07 12:10:57] DEBUG: 汇总文件已重新生成: /Users/yangjie/code/antigravity/doc转markdown处理工具/markdown/图表描述汇总.md
[2026-02-07 12:10:57] REPORT: 步骤 2/3: 执行深度清洗与段落优化...
[2026-02-07 12:10:57] REPORT: 步骤 3/3: 执行最终排版润色...
[2026-02-07 12:10:57] REPORT: ------------------------------
[2026-02-07 12:10:57] REPORT: 转换结果核对报告：
[2026-02-07 12:10:57] REPORT:   - 太阳能资源年景评估技术规范QXT 683-2023.docx: ✅ 成功 | 验证通过 (大小: 10656 bytes)
[2026-02-07 12:10:57] REPORT:   - 中国风能太阳能资源年景公报（2023 年）.docx: ✅ 成功 | 验证通过 (大小: 34297 bytes)
[2026-02-07 12:10:57] REPORT:   - 新型能源体系建设中的气象问题与技术进展.docx: ✅ 成功 | 验证通过 (大小: 53362 bytes)
[2026-02-07 12:10:57] REPORT:   - NB_T 31147-2018 风电场工程风能资源测量与评估技术规范.docx: ✅ 成功 | 验证通过 (大小: 61145 bytes)
[2026-02-07 12:10:57] REPORT:   - 中国风能太阳能资源年景公报（2024 年）.docx: ✅ 成功 | 验证通过 (大小: 33676 bytes)
[2026-02-07 12:10:57] REPORT: ------------------------------
[2026-02-07 12:10:57] REPORT: 全部任务完成！耗时: 1.62s
[2026-02-07 12:10:57] REPORT: 成功: 5 / 总数: 5
[2026-02-07 12:10:57] REPORT: 输出目录: /Users/yangjie/code/antigravity/doc转markdown处理工具/markdown
[2026-02-07 12:11:25] REPORT: 开始全流程转换任务...
[2026-02-07 12:11:25] REPORT: 共找到 5 个待处理文件
[2026-02-07 12:11:25] REPORT: 步骤 1/3: 执行基础转换与定制逻辑...
[2026-02-07 12:11:25] DEBUG: 找到 5 个待处理文件
[2026-02-07 12:11:25] DEBUG: 正在转换文件: NB_T 31147-2018 风电场工程风能资源测量与评估技术规范.docx
[2026-02-07 12:11:26] DEBUG: 文件处理完成: NB_T 31147-2018 风电场工程风能资源测量与评估技术规范.docx，提取到 2 个描述
[2026-02-07 12:11:26] DEBUG: 正在转换文件: 中国风能太阳能资源年景公报（2023 年）.docx
[2026-02-07 12:11:26] DEBUG: 文件处理完成: 中国风能太阳能资源年景公报（2023 年）.docx，提取到 5 个描述
[2026-02-07 12:11:26] DEBUG: 正在转换文件: 中国风能太阳能资源年景公报（2024 年）.docx
[2026-02-07 12:11:26] DEBUG: 文件处理完成: 中国风能太阳能资源年景公报（2024 年）.docx，提取到 20 个描述
[2026-02-07 12:11:26] DEBUG: 正在转换文件: 太阳能资源年景评估技术规范QXT 683-2023.docx
[2026-02-07 12:11:26] DEBUG: 文件处理完成: 太阳能资源年景评估技术规范QXT 683-2023.docx，提取到 0 个描述
[2026-02-07 12:11:26] DEBUG: 正在转换文件: 新型能源体系建设中的气象问题与技术进展.docx
[2026-02-07 12:11:27] DEBUG: 文件处理完成: 新型能源体系建设中的气象问题与技术进展.docx，提取到 3 个描述
[2026-02-07 12:11:27] DEBUG: 汇总文件已重新生成: /Users/yangjie/code/antigravity/doc转markdown处理工具/markdown/图表描述汇总.md
[2026-02-07 12:11:27] REPORT: 步骤 2/3: 执行深度清洗与段落优化...
[2026-02-07 12:11:27] REPORT: 步骤 3/3: 执行最终排版润色...
[2026-02-07 12:11:27] REPORT: ------------------------------
[2026-02-07 12:11:27] REPORT: 转换结果核对报告：
[2026-02-07 12:11:27] REPORT:   - 太阳能资源年景评估技术规范QXT 683-2023.docx: ✅ 成功 | 验证通过 (大小: 10656 bytes)
[2026-02-07 12:11:27] REPORT:   - 中国风能太阳能资源年景公报（2023 年）.docx: ✅ 成功 | 验证通过 (大小: 34297 bytes)
[2026-02-07 12:11:27] REPORT:   - 新型能源体系建设中的气象问题与技术进展.docx: ✅ 成功 | 验证通过 (大小: 53161 bytes)
[2026-02-07 12:11:27] REPORT:   - NB_T 31147-2018 风电场工程风能资源测量与评估技术规范.docx: ✅ 成功 | 验证通过 (大小: 61145 bytes)
[2026-02-07 12:11:27] REPORT:   - 中国风能太阳能资源年景公报（2024 年）.docx: ✅ 成功 | 验证通过 (大小: 33676 bytes)
[2026-02-07 12:11:27] REPORT: ------------------------------
[2026-02-07 12:11:27] REPORT: 全部任务完成！耗时: 1.60s
[2026-02-07 12:11:27] REPORT: 成功: 5 / 总数: 5
[2026-02-07 12:11:27] REPORT: 输出目录: /Users/yangjie/code/antigravity/doc转markdown处理工具/markdown
[2026-02-07 12:11:56] REPORT: 开始全流程转换任务...
[2026-02-07 12:11:56] REPORT: 共找到 5 个待处理文件
[2026-02-07 12:11:56] REPORT: 步骤 1/3: 执行基础转换与定制逻辑...
[2026-02-07 12:11:56] DEBUG: 找到 5 个待处理文件
[2026-02-07 12:11:56] DEBUG: 正在转换文件: NB_T 31147-2018 风电场工程风能资源测量与评估技术规范.docx
[2026-02-07 12:11:56] DEBUG: 文件处理完成: NB_T 31147-2018 风电场工程风能资源测量与评估技术规范.docx，提取到 2 个描述
[2026-02-07 12:11:56] DEBUG: 正在转换文件: 中国风能太阳能资源年景公报（2023 年）.docx
[2026-02-07 12:11:57] DEBUG: 文件处理完成: 中国风能太阳能资源年景公报（2023 年）.docx，提取到 5 个描述
[2026-02-07 12:11:57] DEBUG: 正在转换文件: 中国风能太阳能资源年景公报（2024 年）.docx
[2026-02-07 12:11:57] DEBUG: 文件处理完成: 中国风能太阳能资源年景公报（2024 年）.docx，提取到 20 个描述
[2026-02-07 12:11:57] DEBUG: 正在转换文件: 太阳能资源年景评估技术规范QXT 683-2023.docx
[2026-02-07 12:11:57] DEBUG: 文件处理完成: 太阳能资源年景评估技术规范QXT 683-2023.docx，提取到 0 个描述
[2026-02-07 12:11:57] DEBUG: 正在转换文件: 新型能源体系建设中的气象问题与技术进展.docx
[2026-02-07 12:11:57] DEBUG: 文件处理完成: 新型能源体系建设中的气象问题与技术进展.docx，提取到 3 个描述
[2026-02-07 12:11:57] DEBUG: 汇总文件已重新生成: /Users/yangjie/code/antigravity/doc转markdown处理工具/markdown/图表描述汇总.md
[2026-02-07 12:11:57] REPORT: 步骤 2/3: 执行深度清洗与段落优化...
[2026-02-07 12:11:57] REPORT: 步骤 3/3: 执行最终排版润色...
[2026-02-07 12:11:57] REPORT: ------------------------------
[2026-02-07 12:11:57] REPORT: 转换结果核对报告：
[2026-02-07 12:11:57] REPORT:   - 太阳能资源年景评估技术规范QXT 683-2023.docx: ✅ 成功 | 验证通过 (大小: 10656 bytes)
[2026-02-07 12:11:57] REPORT:   - 中国风能太阳能资源年景公报（2023 年）.docx: ✅ 成功 | 验证通过 (大小: 34297 bytes)
[2026-02-07 12:11:57] REPORT:   - 新型能源体系建设中的气象问题与技术进展.docx: ✅ 成功 | 验证通过 (大小: 53090 bytes)
[2026-02-07 12:11:57] REPORT:   - NB_T 31147-2018 风电场工程风能资源测量与评估技术规范.docx: ✅ 成功 | 验证通过 (大小: 61145 bytes)
[2026-02-07 12:11:57] REPORT:   - 中国风能太阳能资源年景公报（2024 年）.docx: ✅ 成功 | 验证通过 (大小: 33676 bytes)
[2026-02-07 12:11:57] REPORT: ------------------------------
[2026-02-07 12:11:57] REPORT: 全部任务完成！耗时: 1.60s
[2026-02-07 12:11:57] REPORT: 成功: 5 / 总数: 5
[2026-02-07 12:11:57] REPORT: 输出目录: /Users/yangjie/code/antigravity/doc转markdown处理工具/markdown
[2026-02-07 12:12:29] REPORT: 开始全流程转换任务...
[2026-02-07 12:12:29] REPORT: 共找到 5 个待处理文件
[2026-02-07 12:12:29] REPORT: 步骤 1/3: 执行基础转换与定制逻辑...
[2026-02-07 12:12:29] DEBUG: 找到 5 个待处理文件
[2026-02-07 12:12:29] DEBUG: 正在转换文件: NB_T 31147-2018 风电场工程风能资源测量与评估技术规范.docx
[2026-02-07 12:12:30] DEBUG: 文件处理完成: NB_T 31147-2018 风电场工程风能资源测量与评估技术规范.docx，提取到 2 个描述
[2026-02-07 12:12:30] DEBUG: 正在转换文件: 中国风能太阳能资源年景公报（2023 年）.docx
[2026-02-07 12:12:30] DEBUG: 文件处理完成: 中国风能太阳能资源年景公报（2023 年）.docx，提取到 5 个描述
[2026-02-07 12:12:30] DEBUG: 正在转换文件: 中国风能太阳能资源年景公报（2024 年）.docx
[2026-02-07 12:12:30] DEBUG: 文件处理完成: 中国风能太阳能资源年景公报（2024 年）.docx，提取到 20 个描述
[2026-02-07 12:12:30] DEBUG: 正在转换文件: 太阳能资源年景评估技术规范QXT 683-2023.docx
[2026-02-07 12:12:30] DEBUG: 文件处理完成: 太阳能资源年景评估技术规范QXT 683-2023.docx，提取到 0 个描述
[2026-02-07 12:12:30] DEBUG: 正在转换文件: 新型能源体系建设中的气象问题与技术进展.docx
[2026-02-07 12:12:31] DEBUG: 文件处理完成: 新型能源体系建设中的气象问题与技术进展.docx，提取到 3 个描述
[2026-02-07 12:12:31] DEBUG: 汇总文件已重新生成: /Users/yangjie/code/antigravity/doc转markdown处理工具/markdown/图表描述汇总.md
[2026-02-07 12:12:31] REPORT: 步骤 2/3: 执行深度清洗与段落优化...
[2026-02-07 12:12:31] REPORT: 步骤 3/3: 执行最终排版润色...
[2026-02-07 12:12:31] REPORT: ------------------------------
[2026-02-07 12:12:31] REPORT: 转换结果核对报告：
[2026-02-07 12:12:31] REPORT:   - 太阳能资源年景评估技术规范QXT 683-2023.docx: ✅ 成功 | 验证通过 (大小: 10656 bytes)
[2026-02-07 12:12:31] REPORT:   - 中国风能太阳能资源年景公报（2023 年）.docx: ✅ 成功 | 验证通过 (大小: 34297 bytes)
[2026-02-07 12:12:31] REPORT:   - 新型能源体系建设中的气象问题与技术进展.docx: ✅ 成功 | 验证通过 (大小: 53087 bytes)
[2026-02-07 12:12:31] REPORT:   - NB_T 31147-2018 风电场工程风能资源测量与评估技术规范.docx: ✅ 成功 | 验证通过 (大小: 61145 bytes)
[2026-02-07 12:12:31] REPORT:   - 中国风能太阳能资源年景公报（2024 年）.docx: ✅ 成功 | 验证通过 (大小: 33676 bytes)
[2026-02-07 12:12:31] REPORT: ------------------------------
[2026-02-07 12:12:31] REPORT: 全部任务完成！耗时: 1.50s
[2026-02-07 12:12:31] REPORT: 成功: 5 / 总数: 5
[2026-02-07 12:12:31] REPORT: 输出目录: /Users/yangjie/code/antigravity/doc转markdown处理工具/markdown
[2026-02-07 12:13:04] REPORT: 开始全流程转换任务...
[2026-02-07 12:13:04] REPORT: 共找到 5 个待处理文件
[2026-02-07 12:13:04] REPORT: 步骤 1/3: 执行基础转换与定制逻辑...
[2026-02-07 12:13:04] DEBUG: 找到 5 个待处理文件
[2026-02-07 12:13:04] DEBUG: 正在转换文件: NB_T 31147-2018 风电场工程风能资源测量与评估技术规范.docx
[2026-02-07 12:13:05] DEBUG: 文件处理完成: NB_T 31147-2018 风电场工程风能资源测量与评估技术规范.docx，提取到 2 个描述
[2026-02-07 12:13:05] DEBUG: 正在转换文件: 中国风能太阳能资源年景公报（2023 年）.docx
[2026-02-07 12:13:05] DEBUG: 文件处理完成: 中国风能太阳能资源年景公报（2023 年）.docx，提取到 5 个描述
[2026-02-07 12:13:05] DEBUG: 正在转换文件: 中国风能太阳能资源年景公报（2024 年）.docx
[2026-02-07 12:13:05] DEBUG: 文件处理完成: 中国风能太阳能资源年景公报（2024 年）.docx，提取到 20 个描述
[2026-02-07 12:13:05] DEBUG: 正在转换文件: 太阳能资源年景评估技术规范QXT 683-2023.docx
[2026-02-07 12:13:06] DEBUG: 文件处理完成: 太阳能资源年景评估技术规范QXT 683-2023.docx，提取到 0 个描述
[2026-02-07 12:13:06] DEBUG: 正在转换文件: 新型能源体系建设中的气象问题与技术进展.docx
[2026-02-07 12:13:06] DEBUG: 文件处理完成: 新型能源体系建设中的气象问题与技术进展.docx，提取到 3 个描述
[2026-02-07 12:13:06] DEBUG: 汇总文件已重新生成: /Users/yangjie/code/antigravity/doc转markdown处理工具/markdown/图表描述汇总.md
[2026-02-07 12:13:06] REPORT: 步骤 2/3: 执行深度清洗与段落优化...
[2026-02-07 12:13:06] REPORT: 步骤 3/3: 执行最终排版润色...
[2026-02-07 12:13:06] REPORT: ------------------------------
[2026-02-07 12:13:06] REPORT: 转换结果核对报告：
[2026-02-07 12:13:06] REPORT:   - 太阳能资源年景评估技术规范QXT 683-2023.docx: ✅ 成功 | 验证通过 (大小: 10656 bytes)
[2026-02-07 12:13:06] REPORT:   - 中国风能太阳能资源年景公报（2023 年）.docx: ✅ 成功 | 验证通过 (大小: 34297 bytes)
[2026-02-07 12:13:06] REPORT:   - 新型能源体系建设中的气象问题与技术进展.docx: ✅ 成功 | 验证通过 (大小: 53032 bytes)
[2026-02-07 12:13:06] REPORT:   - NB_T 31147-2018 风电场工程风能资源测量与评估技术规范.docx: ✅ 成功 | 验证通过 (大小: 61145 bytes)
[2026-02-07 12:13:06] REPORT:   - 中国风能太阳能资源年景公报（2024 年）.docx: ✅ 成功 | 验证通过 (大小: 33676 bytes)
[2026-02-07 12:13:06] REPORT: ------------------------------
[2026-02-07 12:13:06] REPORT: 全部任务完成！耗时: 1.71s
[2026-02-07 12:13:06] REPORT: 成功: 5 / 总数: 5
[2026-02-07 12:13:06] REPORT: 输出目录: /Users/yangjie/code/antigravity/doc转markdown处理工具/markdown
[2026-02-07 12:13:38] REPORT: 开始全流程转换任务...
[2026-02-07 12:13:38] REPORT: 共找到 5 个待处理文件
[2026-02-07 12:13:38] REPORT: 步骤 1/3: 执行基础转换与定制逻辑...
[2026-02-07 12:13:38] DEBUG: 找到 5 个待处理文件
[2026-02-07 12:13:38] DEBUG: 正在转换文件: NB_T 31147-2018 风电场工程风能资源测量与评估技术规范.docx
[2026-02-07 12:13:38] DEBUG: 文件处理完成: NB_T 31147-2018 风电场工程风能资源测量与评估技术规范.docx，提取到 2 个描述
[2026-02-07 12:13:38] DEBUG: 正在转换文件: 中国风能太阳能资源年景公报（2023 年）.docx
[2026-02-07 12:13:39] DEBUG: 文件处理完成: 中国风能太阳能资源年景公报（2023 年）.docx，提取到 5 个描述
[2026-02-07 12:13:39] DEBUG: 正在转换文件: 中国风能太阳能资源年景公报（2024 年）.docx
[2026-02-07 12:13:39] DEBUG: 文件处理完成: 中国风能太阳能资源年景公报（2024 年）.docx，提取到 20 个描述
[2026-02-07 12:13:39] DEBUG: 正在转换文件: 太阳能资源年景评估技术规范QXT 683-2023.docx
[2026-02-07 12:13:39] DEBUG: 文件处理完成: 太阳能资源年景评估技术规范QXT 683-2023.docx，提取到 0 个描述
[2026-02-07 12:13:39] DEBUG: 正在转换文件: 新型能源体系建设中的气象问题与技术进展.docx
[2026-02-07 12:13:39] DEBUG: 文件处理完成: 新型能源体系建设中的气象问题与技术进展.docx，提取到 3 个描述
[2026-02-07 12:13:39] DEBUG: 汇总文件已重新生成: /Users/yangjie/code/antigravity/doc转markdown处理工具/markdown/图表描述汇总.md
[2026-02-07 12:13:39] REPORT: 步骤 2/3: 执行深度清洗与段落优化...
[2026-02-07 12:13:39] REPORT: 步骤 3/3: 执行最终排版润色...
[2026-02-07 12:13:39] REPORT: ------------------------------
[2026-02-07 12:13:39] REPORT: 转换结果核对报告：
[2026-02-07 12:13:39] REPORT:   - 太阳能资源年景评估技术规范QXT 683-2023.docx: ✅ 成功 | 验证通过 (大小: 10656 bytes)
[2026-02-07 12:13:39] REPORT:   - 中国风能太阳能资源年景公报（2023 年）.docx: ✅ 成功 | 验证通过 (大小: 34297 bytes)
[2026-02-07 12:13:39] REPORT:   - 新型能源体系建设中的气象问题与技术进展.docx: ✅ 成功 | 验证通过 (大小: 52928 bytes)
[2026-02-07 12:13:39] REPORT:   - NB_T 31147-2018 风电场工程风能资源测量与评估技术规范.docx: ✅ 成功 | 验证通过 (大小: 61145 bytes)
[2026-02-07 12:13:39] REPORT:   - 中国风能太阳能资源年景公报（2024 年）.docx: ✅ 成功 | 验证通过 (大小: 33676 bytes)
[2026-02-07 12:13:39] REPORT: ------------------------------
[2026-02-07 12:13:39] REPORT: 全部任务完成！耗时: 1.71s
[2026-02-07 12:13:39] REPORT: 成功: 5 / 总数: 5
[2026-02-07 12:13:39] REPORT: 输出目录: /Users/yangjie/code/antigravity/doc转markdown处理工具/markdown
[2026-02-07 12:15:53] REPORT: 开始全流程转换任务...
[2026-02-07 12:15:53] REPORT: 共找到 5 个待处理文件
[2026-02-07 12:15:53] REPORT: 步骤 1/3: 执行基础转换与定制逻辑...
[2026-02-07 12:15:53] DEBUG: 找到 5 个待处理文件
[2026-02-07 12:15:53] DEBUG: 正在转换文件: NB_T 31147-2018 风电场工程风能资源测量与评估技术规范.docx
[2026-02-07 12:15:53] DEBUG: 文件处理完成: NB_T 31147-2018 风电场工程风能资源测量与评估技术规范.docx，提取到 2 个描述
[2026-02-07 12:15:53] DEBUG: 正在转换文件: 中国风能太阳能资源年景公报（2023 年）.docx
[2026-02-07 12:15:54] DEBUG: 文件处理完成: 中国风能太阳能资源年景公报（2023 年）.docx，提取到 5 个描述
[2026-02-07 12:15:54] DEBUG: 正在转换文件: 中国风能太阳能资源年景公报（2024 年）.docx
[2026-02-07 12:15:54] DEBUG: 文件处理完成: 中国风能太阳能资源年景公报（2024 年）.docx，提取到 20 个描述
[2026-02-07 12:15:54] DEBUG: 正在转换文件: 太阳能资源年景评估技术规范QXT 683-2023.docx
[2026-02-07 12:15:54] DEBUG: 文件处理完成: 太阳能资源年景评估技术规范QXT 683-2023.docx，提取到 0 个描述
[2026-02-07 12:15:54] DEBUG: 正在转换文件: 新型能源体系建设中的气象问题与技术进展.docx
[2026-02-07 12:15:54] DEBUG: 文件处理完成: 新型能源体系建设中的气象问题与技术进展.docx，提取到 3 个描述
[2026-02-07 12:15:54] DEBUG: 汇总文件已重新生成: /Users/yangjie/code/antigravity/doc转markdown处理工具/markdown/图表描述汇总.md
[2026-02-07 12:15:54] REPORT: 步骤 2/3: 执行深度清洗与段落优化...
[2026-02-07 12:15:54] REPORT: 步骤 3/3: 执行最终排版润色...
[2026-02-07 12:15:54] REPORT: ------------------------------
[2026-02-07 12:15:54] REPORT: 转换结果核对报告：
[2026-02-07 12:15:54] REPORT:   - 太阳能资源年景评估技术规范QXT 683-2023.docx: ✅ 成功 | 验证通过 (大小: 10656 bytes)
[2026-02-07 12:15:54] REPORT:   - 中国风能太阳能资源年景公报（2023 年）.docx: ✅ 成功 | 验证通过 (大小: 20877 bytes)
[2026-02-07 12:15:54] REPORT:   - 新型能源体系建设中的气象问题与技术进展.docx: ✅ 成功 | 验证通过 (大小: 52928 bytes)
[2026-02-07 12:15:54] REPORT:   - NB_T 31147-2018 风电场工程风能资源测量与评估技术规范.docx: ✅ 成功 | 验证通过 (大小: 61145 bytes)
[2026-02-07 12:15:54] REPORT:   - 中国风能太阳能资源年景公报（2024 年）.docx: ✅ 成功 | 验证通过 (大小: 30353 bytes)
[2026-02-07 12:15:54] REPORT: ------------------------------
[2026-02-07 12:15:54] REPORT: 全部任务完成！耗时: 1.64s
[2026-02-07 12:15:54] REPORT: 成功: 5 / 总数: 5
[2026-02-07 12:15:54] REPORT: 输出目录: /Users/yangjie/code/antigravity/doc转markdown处理工具/markdown
[2026-02-07 12:16:21] REPORT: 开始全流程转换任务...
[2026-02-07 12:16:21] REPORT: 共找到 5 个待处理文件
[2026-02-07 12:16:21] REPORT: 步骤 1/3: 执行基础转换与定制逻辑...
[2026-02-07 12:16:21] DEBUG: 找到 5 个待处理文件
[2026-02-07 12:16:21] DEBUG: 正在转换文件: NB_T 31147-2018 风电场工程风能资源测量与评估技术规范.docx
[2026-02-07 12:16:22] DEBUG: 文件处理完成: NB_T 31147-2018 风电场工程风能资源测量与评估技术规范.docx，提取到 2 个描述
[2026-02-07 12:16:22] DEBUG: 正在转换文件: 中国风能太阳能资源年景公报（2023 年）.docx
[2026-02-07 12:16:22] DEBUG: 文件处理完成: 中国风能太阳能资源年景公报（2023 年）.docx，提取到 5 个描述
[2026-02-07 12:16:22] DEBUG: 正在转换文件: 中国风能太阳能资源年景公报（2024 年）.docx
[2026-02-07 12:16:22] DEBUG: 文件处理完成: 中国风能太阳能资源年景公报（2024 年）.docx，提取到 20 个描述
[2026-02-07 12:16:22] DEBUG: 正在转换文件: 太阳能资源年景评估技术规范QXT 683-2023.docx
[2026-02-07 12:16:22] DEBUG: 文件处理完成: 太阳能资源年景评估技术规范QXT 683-2023.docx，提取到 0 个描述
[2026-02-07 12:16:22] DEBUG: 正在转换文件: 新型能源体系建设中的气象问题与技术进展.docx
[2026-02-07 12:16:23] DEBUG: 文件处理完成: 新型能源体系建设中的气象问题与技术进展.docx，提取到 3 个描述
[2026-02-07 12:16:23] DEBUG: 汇总文件已重新生成: /Users/yangjie/code/antigravity/doc转markdown处理工具/markdown/图表描述汇总.md
[2026-02-07 12:16:23] REPORT: 步骤 2/3: 执行深度清洗与段落优化...
[2026-02-07 12:16:23] REPORT: 步骤 3/3: 执行最终排版润色...
[2026-02-07 12:16:23] REPORT: ------------------------------
[2026-02-07 12:16:23] REPORT: 转换结果核对报告：
[2026-02-07 12:16:23] REPORT:   - 太阳能资源年景评估技术规范QXT 683-2023.docx: ✅ 成功 | 验证通过 (大小: 10656 bytes)
[2026-02-07 12:16:23] REPORT:   - 中国风能太阳能资源年景公报（2023 年）.docx: ✅ 成功 | 验证通过 (大小: 21140 bytes)
[2026-02-07 12:16:23] REPORT:   - 新型能源体系建设中的气象问题与技术进展.docx: ✅ 成功 | 验证通过 (大小: 52928 bytes)
[2026-02-07 12:16:23] REPORT:   - NB_T 31147-2018 风电场工程风能资源测量与评估技术规范.docx: ✅ 成功 | 验证通过 (大小: 61145 bytes)
[2026-02-07 12:16:23] REPORT:   - 中国风能太阳能资源年景公报（2024 年）.docx: ✅ 成功 | 验证通过 (大小: 32402 bytes)
[2026-02-07 12:16:23] REPORT: ------------------------------
[2026-02-07 12:16:23] REPORT: 全部任务完成！耗时: 1.57s
[2026-02-07 12:16:23] REPORT: 成功: 5 / 总数: 5
[2026-02-07 12:16:23] REPORT: 输出目录: /Users/yangjie/code/antigravity/doc转markdown处理工具/markdown
[2026-02-07 12:17:05] REPORT: 开始全流程转换任务...
[2026-02-07 12:17:05] REPORT: 共找到 5 个待处理文件
[2026-02-07 12:17:05] REPORT: 步骤 1/3: 执行基础转换与定制逻辑...
[2026-02-07 12:17:05] DEBUG: 找到 5 个待处理文件
[2026-02-07 12:17:05] DEBUG: 正在转换文件: NB_T 31147-2018 风电场工程风能资源测量与评估技术规范.docx
[2026-02-07 12:17:05] DEBUG: 文件处理完成: NB_T 31147-2018 风电场工程风能资源测量与评估技术规范.docx，提取到 2 个描述
[2026-02-07 12:17:05] DEBUG: 正在转换文件: 中国风能太阳能资源年景公报（2023 年）.docx
[2026-02-07 12:17:05] DEBUG: 文件处理完成: 中国风能太阳能资源年景公报（2023 年）.docx，提取到 5 个描述
[2026-02-07 12:17:05] DEBUG: 正在转换文件: 中国风能太阳能资源年景公报（2024 年）.docx
[2026-02-07 12:17:06] DEBUG: 文件处理完成: 中国风能太阳能资源年景公报（2024 年）.docx，提取到 20 个描述
[2026-02-07 12:17:06] DEBUG: 正在转换文件: 太阳能资源年景评估技术规范QXT 683-2023.docx
[2026-02-07 12:17:06] DEBUG: 文件处理完成: 太阳能资源年景评估技术规范QXT 683-2023.docx，提取到 0 个描述
[2026-02-07 12:17:06] DEBUG: 正在转换文件: 新型能源体系建设中的气象问题与技术进展.docx
[2026-02-07 12:17:06] DEBUG: 文件处理完成: 新型能源体系建设中的气象问题与技术进展.docx，提取到 3 个描述
[2026-02-07 12:17:06] DEBUG: 汇总文件已重新生成: /Users/yangjie/code/antigravity/doc转markdown处理工具/markdown/图表描述汇总.md
[2026-02-07 12:17:06] REPORT: 步骤 2/3: 执行深度清洗与段落优化...
[2026-02-07 12:17:06] REPORT: 步骤 3/3: 执行最终排版润色...
[2026-02-07 12:17:06] REPORT: ------------------------------
[2026-02-07 12:17:06] REPORT: 转换结果核对报告：
[2026-02-07 12:17:06] REPORT:   - 太阳能资源年景评估技术规范QXT 683-2023.docx: ✅ 成功 | 验证通过 (大小: 10656 bytes)
[2026-02-07 12:17:06] REPORT:   - 中国风能太阳能资源年景公报（2023 年）.docx: ✅ 成功 | 验证通过 (大小: 20754 bytes)
[2026-02-07 12:17:06] REPORT:   - 新型能源体系建设中的气象问题与技术进展.docx: ✅ 成功 | 验证通过 (大小: 52928 bytes)
[2026-02-07 12:17:06] REPORT:   - NB_T 31147-2018 风电场工程风能资源测量与评估技术规范.docx: ✅ 成功 | 验证通过 (大小: 61145 bytes)
[2026-02-07 12:17:06] REPORT:   - 中国风能太阳能资源年景公报（2024 年）.docx: ✅ 成功 | 验证通过 (大小: 31679 bytes)
[2026-02-07 12:17:06] REPORT: ------------------------------
[2026-02-07 12:17:06] REPORT: 全部任务完成！耗时: 1.58s
[2026-02-07 12:17:06] REPORT: 成功: 5 / 总数: 5
[2026-02-07 12:17:06] REPORT: 输出目录: /Users/yangjie/code/antigravity/doc转markdown处理工具/markdown
[2026-02-07 12:17:35] REPORT: 开始全流程转换任务...
[2026-02-07 12:17:35] REPORT: 共找到 5 个待处理文件
[2026-02-07 12:17:35] REPORT: 步骤 1/3: 执行基础转换与定制逻辑...
[2026-02-07 12:17:35] DEBUG: 找到 5 个待处理文件
[2026-02-07 12:17:35] DEBUG: 正在转换文件: NB_T 31147-2018 风电场工程风能资源测量与评估技术规范.docx
[2026-02-07 12:17:36] DEBUG: 文件处理完成: NB_T 31147-2018 风电场工程风能资源测量与评估技术规范.docx，提取到 2 个描述
[2026-02-07 12:17:36] DEBUG: 正在转换文件: 中国风能太阳能资源年景公报（2023 年）.docx
[2026-02-07 12:17:36] DEBUG: 文件处理完成: 中国风能太阳能资源年景公报（2023 年）.docx，提取到 5 个描述
[2026-02-07 12:17:36] DEBUG: 正在转换文件: 中国风能太阳能资源年景公报（2024 年）.docx
[2026-02-07 12:17:36] DEBUG: 文件处理完成: 中国风能太阳能资源年景公报（2024 年）.docx，提取到 20 个描述
[2026-02-07 12:17:36] DEBUG: 正在转换文件: 太阳能资源年景评估技术规范QXT 683-2023.docx
[2026-02-07 12:17:36] DEBUG: 文件处理完成: 太阳能资源年景评估技术规范QXT 683-2023.docx，提取到 0 个描述
[2026-02-07 12:17:36] DEBUG: 正在转换文件: 新型能源体系建设中的气象问题与技术进展.docx
[2026-02-07 12:17:37] DEBUG: 文件处理完成: 新型能源体系建设中的气象问题与技术进展.docx，提取到 3 个描述
[2026-02-07 12:17:37] DEBUG: 汇总文件已重新生成: /Users/yangjie/code/antigravity/doc转markdown处理工具/markdown/图表描述汇总.md
[2026-02-07 12:17:37] REPORT: 步骤 2/3: 执行深度清洗与段落优化...
[2026-02-07 12:17:37] REPORT: 步骤 3/3: 执行最终排版润色...
[2026-02-07 12:17:37] REPORT: ------------------------------
[2026-02-07 12:17:37] REPORT: 转换结果核对报告：
[2026-02-07 12:17:37] REPORT:   - 太阳能资源年景评估技术规范QXT 683-2023.docx: ✅ 成功 | 验证通过 (大小: 10656 bytes)
[2026-02-07 12:17:37] REPORT:   - 中国风能太阳能资源年景公报（2023 年）.docx: ✅ 成功 | 验证通过 (大小: 20754 bytes)
[2026-02-07 12:17:37] REPORT:   - 新型能源体系建设中的气象问题与技术进展.docx: ✅ 成功 | 验证通过 (大小: 52928 bytes)
[2026-02-07 12:17:37] REPORT:   - NB_T 31147-2018 风电场工程风能资源测量与评估技术规范.docx: ✅ 成功 | 验证通过 (大小: 61145 bytes)
[2026-02-07 12:17:37] REPORT:   - 中国风能太阳能资源年景公报（2024 年）.docx: ✅ 成功 | 验证通过 (大小: 31679 bytes)
[2026-02-07 12:17:37] REPORT: ------------------------------
[2026-02-07 12:17:37] REPORT: 全部任务完成！耗时: 1.58s
[2026-02-07 12:17:37] REPORT: 成功: 5 / 总数: 5
[2026-02-07 12:17:37] REPORT: 输出目录: /Users/yangjie/code/antigravity/doc转markdown处理工具/markdown
[2026-02-07 12:18:00] REPORT: 开始全流程转换任务...
[2026-02-07 12:18:00] REPORT: 共找到 5 个待处理文件
[2026-02-07 12:18:00] REPORT: 步骤 1/3: 执行基础转换与定制逻辑...
[2026-02-07 12:18:00] DEBUG: 找到 5 个待处理文件
[2026-02-07 12:18:00] DEBUG: 正在转换文件: NB_T 31147-2018 风电场工程风能资源测量与评估技术规范.docx
[2026-02-07 12:18:00] DEBUG: 文件处理完成: NB_T 31147-2018 风电场工程风能资源测量与评估技术规范.docx，提取到 2 个描述
[2026-02-07 12:18:00] DEBUG: 正在转换文件: 中国风能太阳能资源年景公报（2023 年）.docx
[2026-02-07 12:18:01] DEBUG: 文件处理完成: 中国风能太阳能资源年景公报（2023 年）.docx，提取到 5 个描述
[2026-02-07 12:18:01] DEBUG: 正在转换文件: 中国风能太阳能资源年景公报（2024 年）.docx
[2026-02-07 12:18:01] DEBUG: 文件处理完成: 中国风能太阳能资源年景公报（2024 年）.docx，提取到 20 个描述
[2026-02-07 12:18:01] DEBUG: 正在转换文件: 太阳能资源年景评估技术规范QXT 683-2023.docx
[2026-02-07 12:18:01] DEBUG: 文件处理完成: 太阳能资源年景评估技术规范QXT 683-2023.docx，提取到 0 个描述
[2026-02-07 12:18:01] DEBUG: 正在转换文件: 新型能源体系建设中的气象问题与技术进展.docx
[2026-02-07 12:18:01] DEBUG: 文件处理完成: 新型能源体系建设中的气象问题与技术进展.docx，提取到 3 个描述
[2026-02-07 12:18:01] DEBUG: 汇总文件已重新生成: /Users/yangjie/code/antigravity/doc转markdown处理工具/markdown/图表描述汇总.md
[2026-02-07 12:18:01] REPORT: 步骤 2/3: 执行深度清洗与段落优化...
[2026-02-07 12:18:01] REPORT: 步骤 3/3: 执行最终排版润色...
[2026-02-07 12:18:01] REPORT: ------------------------------
[2026-02-07 12:18:01] REPORT: 转换结果核对报告：
[2026-02-07 12:18:01] REPORT:   - 太阳能资源年景评估技术规范QXT 683-2023.docx: ✅ 成功 | 验证通过 (大小: 10656 bytes)
[2026-02-07 12:18:01] REPORT:   - 中国风能太阳能资源年景公报（2023 年）.docx: ✅ 成功 | 验证通过 (大小: 20754 bytes)
[2026-02-07 12:18:01] REPORT:   - 新型能源体系建设中的气象问题与技术进展.docx: ✅ 成功 | 验证通过 (大小: 52928 bytes)
[2026-02-07 12:18:01] REPORT:   - NB_T 31147-2018 风电场工程风能资源测量与评估技术规范.docx: ✅ 成功 | 验证通过 (大小: 61145 bytes)
[2026-02-07 12:18:01] REPORT:   - 中国风能太阳能资源年景公报（2024 年）.docx: ✅ 成功 | 验证通过 (大小: 31679 bytes)
[2026-02-07 12:18:01] REPORT: ------------------------------
[2026-02-07 12:18:01] REPORT: 全部任务完成！耗时: 1.63s
[2026-02-07 12:18:01] REPORT: 成功: 5 / 总数: 5
[2026-02-07 12:18:01] REPORT: 输出目录: /Users/yangjie/code/antigravity/doc转markdown处理工具/markdown
[2026-02-07 12:18:24] REPORT: 开始全流程转换任务...
[2026-02-07 12:18:24] REPORT: 共找到 5 个待处理文件
[2026-02-07 12:18:24] REPORT: 步骤 1/3: 执行基础转换与定制逻辑...
[2026-02-07 12:18:24] DEBUG: 找到 5 个待处理文件
[2026-02-07 12:18:24] DEBUG: 正在转换文件: NB_T 31147-2018 风电场工程风能资源测量与评估技术规范.docx
[2026-02-07 12:18:25] DEBUG: 文件处理完成: NB_T 31147-2018 风电场工程风能资源测量与评估技术规范.docx，提取到 2 个描述
[2026-02-07 12:18:25] DEBUG: 正在转换文件: 中国风能太阳能资源年景公报（2023 年）.docx
[2026-02-07 12:18:25] DEBUG: 文件处理完成: 中国风能太阳能资源年景公报（2023 年）.docx，提取到 5 个描述
[2026-02-07 12:18:25] DEBUG: 正在转换文件: 中国风能太阳能资源年景公报（2024 年）.docx
[2026-02-07 12:18:25] DEBUG: 文件处理完成: 中国风能太阳能资源年景公报（2024 年）.docx，提取到 20 个描述
[2026-02-07 12:18:25] DEBUG: 正在转换文件: 太阳能资源年景评估技术规范QXT 683-2023.docx
[2026-02-07 12:18:26] DEBUG: 文件处理完成: 太阳能资源年景评估技术规范QXT 683-2023.docx，提取到 0 个描述
[2026-02-07 12:18:26] DEBUG: 正在转换文件: 新型能源体系建设中的气象问题与技术进展.docx
[2026-02-07 12:18:26] DEBUG: 文件处理完成: 新型能源体系建设中的气象问题与技术进展.docx，提取到 3 个描述
[2026-02-07 12:18:26] DEBUG: 汇总文件已重新生成: /Users/yangjie/code/antigravity/doc转markdown处理工具/markdown/图表描述汇总.md
[2026-02-07 12:18:26] REPORT: 步骤 2/3: 执行深度清洗与段落优化...
[2026-02-07 12:18:26] REPORT: 步骤 3/3: 执行最终排版润色...
[2026-02-07 12:18:26] REPORT: ------------------------------
[2026-02-07 12:18:26] REPORT: 转换结果核对报告：
[2026-02-07 12:18:26] REPORT:   - 太阳能资源年景评估技术规范QXT 683-2023.docx: ✅ 成功 | 验证通过 (大小: 10656 bytes)
[2026-02-07 12:18:26] REPORT:   - 中国风能太阳能资源年景公报（2023 年）.docx: ✅ 成功 | 验证通过 (大小: 20757 bytes)
[2026-02-07 12:18:26] REPORT:   - 新型能源体系建设中的气象问题与技术进展.docx: ✅ 成功 | 验证通过 (大小: 52928 bytes)
[2026-02-07 12:18:26] REPORT:   - NB_T 31147-2018 风电场工程风能资源测量与评估技术规范.docx: ✅ 成功 | 验证通过 (大小: 61145 bytes)
[2026-02-07 12:18:26] REPORT:   - 中国风能太阳能资源年景公报（2024 年）.docx: ✅ 成功 | 验证通过 (大小: 31682 bytes)
[2026-02-07 12:18:26] REPORT: ------------------------------
[2026-02-07 12:18:26] REPORT: 全部任务完成！耗时: 1.53s
[2026-02-07 12:18:26] REPORT: 成功: 5 / 总数: 5
[2026-02-07 12:18:26] REPORT: 输出目录: /Users/yangjie/code/antigravity/doc转markdown处理工具/markdown
[2026-02-07 12:19:02] REPORT: 开始全流程转换任务...
[2026-02-07 12:19:02] REPORT: 共找到 5 个待处理文件
[2026-02-07 12:19:02] REPORT: 步骤 1/3: 执行基础转换与定制逻辑...
[2026-02-07 12:19:02] DEBUG: 找到 5 个待处理文件
[2026-02-07 12:19:02] DEBUG: 正在转换文件: NB_T 31147-2018 风电场工程风能资源测量与评估技术规范.docx
[2026-02-07 12:19:03] DEBUG: 文件处理完成: NB_T 31147-2018 风电场工程风能资源测量与评估技术规范.docx，提取到 2 个描述
[2026-02-07 12:19:03] DEBUG: 正在转换文件: 中国风能太阳能资源年景公报（2023 年）.docx
[2026-02-07 12:19:03] DEBUG: 文件处理完成: 中国风能太阳能资源年景公报（2023 年）.docx，提取到 5 个描述
[2026-02-07 12:19:03] DEBUG: 正在转换文件: 中国风能太阳能资源年景公报（2024 年）.docx
[2026-02-07 12:19:03] DEBUG: 文件处理完成: 中国风能太阳能资源年景公报（2024 年）.docx，提取到 20 个描述
[2026-02-07 12:19:03] DEBUG: 正在转换文件: 太阳能资源年景评估技术规范QXT 683-2023.docx
[2026-02-07 12:19:03] DEBUG: 文件处理完成: 太阳能资源年景评估技术规范QXT 683-2023.docx，提取到 0 个描述
[2026-02-07 12:19:03] DEBUG: 正在转换文件: 新型能源体系建设中的气象问题与技术进展.docx
[2026-02-07 12:19:04] DEBUG: 文件处理完成: 新型能源体系建设中的气象问题与技术进展.docx，提取到 3 个描述
[2026-02-07 12:19:04] DEBUG: 汇总文件已重新生成: /Users/yangjie/code/antigravity/doc转markdown处理工具/markdown/图表描述汇总.md
[2026-02-07 12:19:04] REPORT: 步骤 2/3: 执行深度清洗与段落优化...
[2026-02-07 12:19:04] REPORT: 步骤 3/3: 执行最终排版润色...
[2026-02-07 12:19:04] REPORT: ------------------------------
[2026-02-07 12:19:04] REPORT: 转换结果核对报告：
[2026-02-07 12:19:04] REPORT:   - 太阳能资源年景评估技术规范QXT 683-2023.docx: ✅ 成功 | 验证通过 (大小: 10656 bytes)
[2026-02-07 12:19:04] REPORT:   - 中国风能太阳能资源年景公报（2023 年）.docx: ✅ 成功 | 验证通过 (大小: 20757 bytes)
[2026-02-07 12:19:04] REPORT:   - 新型能源体系建设中的气象问题与技术进展.docx: ✅ 成功 | 验证通过 (大小: 52928 bytes)
[2026-02-07 12:19:04] REPORT:   - NB_T 31147-2018 风电场工程风能资源测量与评估技术规范.docx: ✅ 成功 | 验证通过 (大小: 61145 bytes)
[2026-02-07 12:19:04] REPORT:   - 中国风能太阳能资源年景公报（2024 年）.docx: ✅ 成功 | 验证通过 (大小: 31682 bytes)
[2026-02-07 12:19:04] REPORT: ------------------------------
[2026-02-07 12:19:04] REPORT: 全部任务完成！耗时: 1.64s
[2026-02-07 12:19:04] REPORT: 成功: 5 / 总数: 5
[2026-02-07 12:19:04] REPORT: 输出目录: /Users/yangjie/code/antigravity/doc转markdown处理工具/markdown
[2026-02-07 12:19:28] REPORT: 开始全流程转换任务...
[2026-02-07 12:19:28] REPORT: 共找到 5 个待处理文件
[2026-02-07 12:19:28] REPORT: 步骤 1/3: 执行基础转换与定制逻辑...
[2026-02-07 12:19:28] DEBUG: 找到 5 个待处理文件
[2026-02-07 12:19:28] DEBUG: 正在转换文件: NB_T 31147-2018 风电场工程风能资源测量与评估技术规范.docx
[2026-02-07 12:19:29] DEBUG: 文件处理完成: NB_T 31147-2018 风电场工程风能资源测量与评估技术规范.docx，提取到 2 个描述
[2026-02-07 12:19:29] DEBUG: 正在转换文件: 中国风能太阳能资源年景公报（2023 年）.docx
[2026-02-07 12:19:29] DEBUG: 文件处理完成: 中国风能太阳能资源年景公报（2023 年）.docx，提取到 5 个描述
[2026-02-07 12:19:29] DEBUG: 正在转换文件: 中国风能太阳能资源年景公报（2024 年）.docx
[2026-02-07 12:19:29] DEBUG: 文件处理完成: 中国风能太阳能资源年景公报（2024 年）.docx，提取到 20 个描述
[2026-02-07 12:19:29] DEBUG: 正在转换文件: 太阳能资源年景评估技术规范QXT 683-2023.docx
[2026-02-07 12:19:29] DEBUG: 文件处理完成: 太阳能资源年景评估技术规范QXT 683-2023.docx，提取到 0 个描述
[2026-02-07 12:19:29] DEBUG: 正在转换文件: 新型能源体系建设中的气象问题与技术进展.docx
[2026-02-07 12:19:29] DEBUG: 文件处理完成: 新型能源体系建设中的气象问题与技术进展.docx，提取到 3 个描述
[2026-02-07 12:19:29] DEBUG: 汇总文件已重新生成: /Users/yangjie/code/antigravity/doc转markdown处理工具/markdown/图表描述汇总.md
[2026-02-07 12:19:29] REPORT: 步骤 2/3: 执行深度清洗与段落优化...
[2026-02-07 12:19:30] REPORT: 步骤 3/3: 执行最终排版润色...
[2026-02-07 12:19:30] REPORT: ------------------------------
[2026-02-07 12:19:30] REPORT: 转换结果核对报告：
[2026-02-07 12:19:30] REPORT:   - 太阳能资源年景评估技术规范QXT 683-2023.docx: ✅ 成功 | 验证通过 (大小: 10656 bytes)
[2026-02-07 12:19:30] REPORT:   - 中国风能太阳能资源年景公报（2023 年）.docx: ✅ 成功 | 验证通过 (大小: 20757 bytes)
[2026-02-07 12:19:30] REPORT:   - 新型能源体系建设中的气象问题与技术进展.docx: ✅ 成功 | 验证通过 (大小: 52928 bytes)
[2026-02-07 12:19:30] REPORT:   - NB_T 31147-2018 风电场工程风能资源测量与评估技术规范.docx: ✅ 成功 | 验证通过 (大小: 61145 bytes)
[2026-02-07 12:19:30] REPORT:   - 中国风能太阳能资源年景公报（2024 年）.docx: ✅ 成功 | 验证通过 (大小: 31682 bytes)
[2026-02-07 12:19:30] REPORT: ------------------------------
[2026-02-07 12:19:30] REPORT: 全部任务完成！耗时: 1.55s
[2026-02-07 12:19:30] REPORT: 成功: 5 / 总数: 5
[2026-02-07 12:19:30] REPORT: 输出目录: /Users/yangjie/code/antigravity/doc转markdown处理工具/markdown
[2026-02-07 12:19:55] REPORT: 开始全流程转换任务...
[2026-02-07 12:19:55] REPORT: 共找到 5 个待处理文件
[2026-02-07 12:19:55] REPORT: 步骤 1/3: 执行基础转换与定制逻辑...
[2026-02-07 12:19:55] DEBUG: 找到 5 个待处理文件
[2026-02-07 12:19:55] DEBUG: 正在转换文件: NB_T 31147-2018 风电场工程风能资源测量与评估技术规范.docx
[2026-02-07 12:19:56] DEBUG: 文件处理完成: NB_T 31147-2018 风电场工程风能资源测量与评估技术规范.docx，提取到 2 个描述
[2026-02-07 12:19:56] DEBUG: 正在转换文件: 中国风能太阳能资源年景公报（2023 年）.docx
[2026-02-07 12:19:56] DEBUG: 文件处理完成: 中国风能太阳能资源年景公报（2023 年）.docx，提取到 5 个描述
[2026-02-07 12:19:56] DEBUG: 正在转换文件: 中国风能太阳能资源年景公报（2024 年）.docx
[2026-02-07 12:19:56] DEBUG: 文件处理完成: 中国风能太阳能资源年景公报（2024 年）.docx，提取到 20 个描述
[2026-02-07 12:19:56] DEBUG: 正在转换文件: 太阳能资源年景评估技术规范QXT 683-2023.docx
[2026-02-07 12:19:57] DEBUG: 文件处理完成: 太阳能资源年景评估技术规范QXT 683-2023.docx，提取到 0 个描述
[2026-02-07 12:19:57] DEBUG: 正在转换文件: 新型能源体系建设中的气象问题与技术进展.docx
[2026-02-07 12:19:57] DEBUG: 文件处理完成: 新型能源体系建设中的气象问题与技术进展.docx，提取到 3 个描述
[2026-02-07 12:19:57] DEBUG: 汇总文件已重新生成: /Users/yangjie/code/antigravity/doc转markdown处理工具/markdown/图表描述汇总.md
[2026-02-07 12:19:57] REPORT: 步骤 2/3: 执行深度清洗与段落优化...
[2026-02-07 12:19:57] REPORT: 步骤 3/3: 执行最终排版润色...
[2026-02-07 12:19:57] REPORT: ------------------------------
[2026-02-07 12:19:57] REPORT: 转换结果核对报告：
[2026-02-07 12:19:57] REPORT:   - 太阳能资源年景评估技术规范QXT 683-2023.docx: ✅ 成功 | 验证通过 (大小: 10656 bytes)
[2026-02-07 12:19:57] REPORT:   - 中国风能太阳能资源年景公报（2023 年）.docx: ✅ 成功 | 验证通过 (大小: 20757 bytes)
[2026-02-07 12:19:57] REPORT:   - 新型能源体系建设中的气象问题与技术进展.docx: ✅ 成功 | 验证通过 (大小: 52928 bytes)
[2026-02-07 12:19:57] REPORT:   - NB_T 31147-2018 风电场工程风能资源测量与评估技术规范.docx: ✅ 成功 | 验证通过 (大小: 61145 bytes)
[2026-02-07 12:19:57] REPORT:   - 中国风能太阳能资源年景公报（2024 年）.docx: ✅ 成功 | 验证通过 (大小: 31682 bytes)
[2026-02-07 12:19:57] REPORT: ------------------------------
[2026-02-07 12:19:57] REPORT: 全部任务完成！耗时: 1.62s
[2026-02-07 12:19:57] REPORT: 成功: 5 / 总数: 5
[2026-02-07 12:19:57] REPORT: 输出目录: /Users/yangjie/code/antigravity/doc转markdown处理工具/markdown
[2026-02-07 12:20:41] REPORT: 开始全流程转换任务...
[2026-02-07 12:20:41] REPORT: 共找到 5 个待处理文件
[2026-02-07 12:20:41] REPORT: 步骤 1/3: 执行基础转换与定制逻辑...
[2026-02-07 12:20:41] DEBUG: 找到 5 个待处理文件
[2026-02-07 12:20:41] DEBUG: 正在转换文件: NB_T 31147-2018 风电场工程风能资源测量与评估技术规范.docx
[2026-02-07 12:20:41] DEBUG: 文件处理完成: NB_T 31147-2018 风电场工程风能资源测量与评估技术规范.docx，提取到 2 个描述
[2026-02-07 12:20:41] DEBUG: 正在转换文件: 中国风能太阳能资源年景公报（2023 年）.docx
[2026-02-07 12:20:41] DEBUG: 文件处理完成: 中国风能太阳能资源年景公报（2023 年）.docx，提取到 5 个描述
[2026-02-07 12:20:41] DEBUG: 正在转换文件: 中国风能太阳能资源年景公报（2024 年）.docx
[2026-02-07 12:20:42] DEBUG: 文件处理完成: 中国风能太阳能资源年景公报（2024 年）.docx，提取到 20 个描述
[2026-02-07 12:20:42] DEBUG: 正在转换文件: 太阳能资源年景评估技术规范QXT 683-2023.docx
[2026-02-07 12:20:42] DEBUG: 文件处理完成: 太阳能资源年景评估技术规范QXT 683-2023.docx，提取到 0 个描述
[2026-02-07 12:20:42] DEBUG: 正在转换文件: 新型能源体系建设中的气象问题与技术进展.docx
[2026-02-07 12:20:42] DEBUG: 文件处理完成: 新型能源体系建设中的气象问题与技术进展.docx，提取到 3 个描述
[2026-02-07 12:20:42] DEBUG: 汇总文件已重新生成: /Users/yangjie/code/antigravity/doc转markdown处理工具/markdown/图表描述汇总.md
[2026-02-07 12:20:42] REPORT: 步骤 2/3: 执行深度清洗与段落优化...
[2026-02-07 12:20:42] REPORT: 步骤 3/3: 执行最终排版润色...
[2026-02-07 12:20:42] REPORT: ------------------------------
[2026-02-07 12:20:42] REPORT: 转换结果核对报告：
[2026-02-07 12:20:42] REPORT:   - 太阳能资源年景评估技术规范QXT 683-2023.docx: ✅ 成功 | 验证通过 (大小: 10656 bytes)
[2026-02-07 12:20:42] REPORT:   - 中国风能太阳能资源年景公报（2023 年）.docx: ✅ 成功 | 验证通过 (大小: 20757 bytes)
[2026-02-07 12:20:42] REPORT:   - 新型能源体系建设中的气象问题与技术进展.docx: ✅ 成功 | 验证通过 (大小: 52928 bytes)
[2026-02-07 12:20:42] REPORT:   - NB_T 31147-2018 风电场工程风能资源测量与评估技术规范.docx: ✅ 成功 | 验证通过 (大小: 61145 bytes)
[2026-02-07 12:20:42] REPORT:   - 中国风能太阳能资源年景公报（2024 年）.docx: ✅ 成功 | 验证通过 (大小: 31682 bytes)
[2026-02-07 12:20:42] REPORT: ------------------------------
[2026-02-07 12:20:42] REPORT: 全部任务完成！耗时: 1.46s
[2026-02-07 12:20:42] REPORT: 成功: 5 / 总数: 5
[2026-02-07 12:20:42] REPORT: 输出目录: /Users/yangjie/code/antigravity/doc转markdown处理工具/markdown
[2026-02-07 12:21:08] REPORT: 开始全流程转换任务...
[2026-02-07 12:21:08] REPORT: 共找到 5 个待处理文件
[2026-02-07 12:21:08] REPORT: 步骤 1/3: 执行基础转换与定制逻辑...
[2026-02-07 12:21:08] DEBUG: 找到 5 个待处理文件
[2026-02-07 12:21:08] DEBUG: 正在转换文件: NB_T 31147-2018 风电场工程风能资源测量与评估技术规范.docx
[2026-02-07 12:21:09] DEBUG: 文件处理完成: NB_T 31147-2018 风电场工程风能资源测量与评估技术规范.docx，提取到 2 个描述
[2026-02-07 12:21:09] DEBUG: 正在转换文件: 中国风能太阳能资源年景公报（2023 年）.docx
[2026-02-07 12:21:09] DEBUG: 文件处理完成: 中国风能太阳能资源年景公报（2023 年）.docx，提取到 5 个描述
[2026-02-07 12:21:09] DEBUG: 正在转换文件: 中国风能太阳能资源年景公报（2024 年）.docx
[2026-02-07 12:21:09] DEBUG: 文件处理完成: 中国风能太阳能资源年景公报（2024 年）.docx，提取到 20 个描述
[2026-02-07 12:21:09] DEBUG: 正在转换文件: 太阳能资源年景评估技术规范QXT 683-2023.docx
[2026-02-07 12:21:10] DEBUG: 文件处理完成: 太阳能资源年景评估技术规范QXT 683-2023.docx，提取到 0 个描述
[2026-02-07 12:21:10] DEBUG: 正在转换文件: 新型能源体系建设中的气象问题与技术进展.docx
[2026-02-07 12:21:10] DEBUG: 文件处理完成: 新型能源体系建设中的气象问题与技术进展.docx，提取到 3 个描述
[2026-02-07 12:21:10] DEBUG: 汇总文件已重新生成: /Users/yangjie/code/antigravity/doc转markdown处理工具/markdown/图表描述汇总.md
[2026-02-07 12:21:10] REPORT: 步骤 2/3: 执行深度清洗与段落优化...
[2026-02-07 12:21:10] REPORT: 步骤 3/3: 执行最终排版润色...
[2026-02-07 12:21:10] REPORT: ------------------------------
[2026-02-07 12:21:10] REPORT: 转换结果核对报告：
[2026-02-07 12:21:10] REPORT:   - 太阳能资源年景评估技术规范QXT 683-2023.docx: ✅ 成功 | 验证通过 (大小: 10656 bytes)
[2026-02-07 12:21:10] REPORT:   - 中国风能太阳能资源年景公报（2023 年）.docx: ✅ 成功 | 验证通过 (大小: 20757 bytes)
[2026-02-07 12:21:10] REPORT:   - 新型能源体系建设中的气象问题与技术进展.docx: ✅ 成功 | 验证通过 (大小: 52928 bytes)
[2026-02-07 12:21:10] REPORT:   - NB_T 31147-2018 风电场工程风能资源测量与评估技术规范.docx: ✅ 成功 | 验证通过 (大小: 61145 bytes)
[2026-02-07 12:21:10] REPORT:   - 中国风能太阳能资源年景公报（2024 年）.docx: ✅ 成功 | 验证通过 (大小: 31682 bytes)
[2026-02-07 12:21:10] REPORT: ------------------------------
[2026-02-07 12:21:10] REPORT: 全部任务完成！耗时: 1.47s
[2026-02-07 12:21:10] REPORT: 成功: 5 / 总数: 5
[2026-02-07 12:21:10] REPORT: 输出目录: /Users/yangjie/code/antigravity/doc转markdown处理工具/markdown
[2026-02-07 12:21:52] REPORT: 开始全流程转换任务...
[2026-02-07 12:21:52] REPORT: 共找到 5 个待处理文件
[2026-02-07 12:21:52] REPORT: 步骤 1/3: 执行基础转换与定制逻辑...
[2026-02-07 12:21:52] DEBUG: 找到 5 个待处理文件
[2026-02-07 12:21:52] DEBUG: 正在转换文件: NB_T 31147-2018 风电场工程风能资源测量与评估技术规范.docx
[2026-02-07 12:21:53] DEBUG: 文件处理完成: NB_T 31147-2018 风电场工程风能资源测量与评估技术规范.docx，提取到 2 个描述
[2026-02-07 12:21:53] DEBUG: 正在转换文件: 中国风能太阳能资源年景公报（2023 年）.docx
[2026-02-07 12:21:53] DEBUG: 文件处理完成: 中国风能太阳能资源年景公报（2023 年）.docx，提取到 5 个描述
[2026-02-07 12:21:53] DEBUG: 正在转换文件: 中国风能太阳能资源年景公报（2024 年）.docx
[2026-02-07 12:21:53] DEBUG: 文件处理完成: 中国风能太阳能资源年景公报（2024 年）.docx，提取到 20 个描述
[2026-02-07 12:21:53] DEBUG: 正在转换文件: 太阳能资源年景评估技术规范QXT 683-2023.docx
[2026-02-07 12:21:53] DEBUG: 文件处理完成: 太阳能资源年景评估技术规范QXT 683-2023.docx，提取到 0 个描述
[2026-02-07 12:21:53] DEBUG: 正在转换文件: 新型能源体系建设中的气象问题与技术进展.docx
[2026-02-07 12:21:54] DEBUG: 文件处理完成: 新型能源体系建设中的气象问题与技术进展.docx，提取到 3 个描述
[2026-02-07 12:21:54] DEBUG: 汇总文件已重新生成: /Users/yangjie/code/antigravity/doc转markdown处理工具/markdown/图表描述汇总.md
[2026-02-07 12:21:54] REPORT: 步骤 2/3: 执行深度清洗与段落优化...
[2026-02-07 12:21:54] REPORT: 步骤 3/3: 执行最终排版润色...
[2026-02-07 12:21:54] REPORT: ------------------------------
[2026-02-07 12:21:54] REPORT: 转换结果核对报告：
[2026-02-07 12:21:54] REPORT:   - 太阳能资源年景评估技术规范QXT 683-2023.docx: ✅ 成功 | 验证通过 (大小: 10656 bytes)
[2026-02-07 12:21:54] REPORT:   - 中国风能太阳能资源年景公报（2023 年）.docx: ✅ 成功 | 验证通过 (大小: 20754 bytes)
[2026-02-07 12:21:54] REPORT:   - 新型能源体系建设中的气象问题与技术进展.docx: ✅ 成功 | 验证通过 (大小: 52928 bytes)
[2026-02-07 12:21:54] REPORT:   - NB_T 31147-2018 风电场工程风能资源测量与评估技术规范.docx: ✅ 成功 | 验证通过 (大小: 61145 bytes)
[2026-02-07 12:21:54] REPORT:   - 中国风能太阳能资源年景公报（2024 年）.docx: ✅ 成功 | 验证通过 (大小: 31679 bytes)
[2026-02-07 12:21:54] REPORT: ------------------------------
[2026-02-07 12:21:54] REPORT: 全部任务完成！耗时: 1.50s
[2026-02-07 12:21:54] REPORT: 成功: 5 / 总数: 5
[2026-02-07 12:21:54] REPORT: 输出目录: /Users/yangjie/code/antigravity/doc转markdown处理工具/markdown
[2026-02-07 12:22:21] REPORT: 开始全流程转换任务...
[2026-02-07 12:22:21] REPORT: 共找到 5 个待处理文件
[2026-02-07 12:22:21] REPORT: 步骤 1/3: 执行基础转换与定制逻辑...
[2026-02-07 12:22:21] DEBUG: 找到 5 个待处理文件
[2026-02-07 12:22:21] DEBUG: 正在转换文件: NB_T 31147-2018 风电场工程风能资源测量与评估技术规范.docx
[2026-02-07 12:22:22] DEBUG: 文件处理完成: NB_T 31147-2018 风电场工程风能资源测量与评估技术规范.docx，提取到 2 个描述
[2026-02-07 12:22:22] DEBUG: 正在转换文件: 中国风能太阳能资源年景公报（2023 年）.docx
[2026-02-07 12:22:22] DEBUG: 文件处理完成: 中国风能太阳能资源年景公报（2023 年）.docx，提取到 5 个描述
[2026-02-07 12:22:22] DEBUG: 正在转换文件: 中国风能太阳能资源年景公报（2024 年）.docx
[2026-02-07 12:22:22] DEBUG: 文件处理完成: 中国风能太阳能资源年景公报（2024 年）.docx，提取到 20 个描述
[2026-02-07 12:22:22] DEBUG: 正在转换文件: 太阳能资源年景评估技术规范QXT 683-2023.docx
[2026-02-07 12:22:22] DEBUG: 文件处理完成: 太阳能资源年景评估技术规范QXT 683-2023.docx，提取到 0 个描述
[2026-02-07 12:22:22] DEBUG: 正在转换文件: 新型能源体系建设中的气象问题与技术进展.docx
[2026-02-07 12:22:23] DEBUG: 文件处理完成: 新型能源体系建设中的气象问题与技术进展.docx，提取到 3 个描述
[2026-02-07 12:22:23] DEBUG: 汇总文件已重新生成: /Users/yangjie/code/antigravity/doc转markdown处理工具/markdown/图表描述汇总.md
[2026-02-07 12:22:23] REPORT: 步骤 2/3: 执行深度清洗与段落优化...
[2026-02-07 12:22:23] REPORT: 步骤 3/3: 执行最终排版润色...
[2026-02-07 12:22:23] REPORT: ------------------------------
[2026-02-07 12:22:23] REPORT: 转换结果核对报告：
[2026-02-07 12:22:23] REPORT:   - 太阳能资源年景评估技术规范QXT 683-2023.docx: ✅ 成功 | 验证通过 (大小: 10656 bytes)
[2026-02-07 12:22:23] REPORT:   - 中国风能太阳能资源年景公报（2023 年）.docx: ✅ 成功 | 验证通过 (大小: 20754 bytes)
[2026-02-07 12:22:23] REPORT:   - 新型能源体系建设中的气象问题与技术进展.docx: ✅ 成功 | 验证通过 (大小: 52928 bytes)
[2026-02-07 12:22:23] REPORT:   - NB_T 31147-2018 风电场工程风能资源测量与评估技术规范.docx: ✅ 成功 | 验证通过 (大小: 61145 bytes)
[2026-02-07 12:22:23] REPORT:   - 中国风能太阳能资源年景公报（2024 年）.docx: ✅ 成功 | 验证通过 (大小: 31679 bytes)
[2026-02-07 12:22:23] REPORT: ------------------------------
[2026-02-07 12:22:23] REPORT: 全部任务完成！耗时: 1.51s
[2026-02-07 12:22:23] REPORT: 成功: 5 / 总数: 5
[2026-02-07 12:22:23] REPORT: 输出目录: /Users/yangjie/code/antigravity/doc转markdown处理工具/markdown
[2026-02-07 12:22:49] REPORT: 开始全流程转换任务...
[2026-02-07 12:22:49] REPORT: 共找到 5 个待处理文件
[2026-02-07 12:22:49] REPORT: 步骤 1/3: 执行基础转换与定制逻辑...
[2026-02-07 12:22:49] DEBUG: 找到 5 个待处理文件
[2026-02-07 12:22:49] DEBUG: 正在转换文件: NB_T 31147-2018 风电场工程风能资源测量与评估技术规范.docx
[2026-02-07 12:22:50] DEBUG: 文件处理完成: NB_T 31147-2018 风电场工程风能资源测量与评估技术规范.docx，提取到 2 个描述
[2026-02-07 12:22:50] DEBUG: 正在转换文件: 中国风能太阳能资源年景公报（2023 年）.docx
[2026-02-07 12:22:50] DEBUG: 文件处理完成: 中国风能太阳能资源年景公报（2023 年）.docx，提取到 5 个描述
[2026-02-07 12:22:50] DEBUG: 正在转换文件: 中国风能太阳能资源年景公报（2024 年）.docx
[2026-02-07 12:22:51] DEBUG: 文件处理完成: 中国风能太阳能资源年景公报（2024 年）.docx，提取到 20 个描述
[2026-02-07 12:22:51] DEBUG: 正在转换文件: 太阳能资源年景评估技术规范QXT 683-2023.docx
[2026-02-07 12:22:51] DEBUG: 文件处理完成: 太阳能资源年景评估技术规范QXT 683-2023.docx，提取到 0 个描述
[2026-02-07 12:22:51] DEBUG: 正在转换文件: 新型能源体系建设中的气象问题与技术进展.docx
[2026-02-07 12:22:51] DEBUG: 文件处理完成: 新型能源体系建设中的气象问题与技术进展.docx，提取到 3 个描述
[2026-02-07 12:22:51] DEBUG: 汇总文件已重新生成: /Users/yangjie/code/antigravity/doc转markdown处理工具/markdown/图表描述汇总.md
[2026-02-07 12:22:51] REPORT: 步骤 2/3: 执行深度清洗与段落优化...
[2026-02-07 12:22:51] REPORT: 步骤 3/3: 执行最终排版润色...
[2026-02-07 12:22:51] REPORT: ------------------------------
[2026-02-07 12:22:51] REPORT: 转换结果核对报告：
[2026-02-07 12:22:51] REPORT:   - 太阳能资源年景评估技术规范QXT 683-2023.docx: ✅ 成功 | 验证通过 (大小: 10656 bytes)
[2026-02-07 12:22:51] REPORT:   - 中国风能太阳能资源年景公报（2023 年）.docx: ✅ 成功 | 验证通过 (大小: 20754 bytes)
[2026-02-07 12:22:51] REPORT:   - 新型能源体系建设中的气象问题与技术进展.docx: ✅ 成功 | 验证通过 (大小: 52928 bytes)
[2026-02-07 12:22:51] REPORT:   - NB_T 31147-2018 风电场工程风能资源测量与评估技术规范.docx: ✅ 成功 | 验证通过 (大小: 61145 bytes)
[2026-02-07 12:22:51] REPORT:   - 中国风能太阳能资源年景公报（2024 年）.docx: ✅ 成功 | 验证通过 (大小: 31679 bytes)
[2026-02-07 12:22:51] REPORT: ------------------------------
[2026-02-07 12:22:51] REPORT: 全部任务完成！耗时: 1.47s
[2026-02-07 12:22:51] REPORT: 成功: 5 / 总数: 5
[2026-02-07 12:22:51] REPORT: 输出目录: /Users/yangjie/code/antigravity/doc转markdown处理工具/markdown
[2026-02-07 12:23:19] REPORT: 开始全流程转换任务...
[2026-02-07 12:23:19] REPORT: 共找到 5 个待处理文件
[2026-02-07 12:23:19] REPORT: 步骤 1/3: 执行基础转换与定制逻辑...
[2026-02-07 12:23:19] DEBUG: 找到 5 个待处理文件
[2026-02-07 12:23:19] DEBUG: 正在转换文件: NB_T 31147-2018 风电场工程风能资源测量与评估技术规范.docx
[2026-02-07 12:23:20] DEBUG: 文件处理完成: NB_T 31147-2018 风电场工程风能资源测量与评估技术规范.docx，提取到 2 个描述
[2026-02-07 12:23:20] DEBUG: 正在转换文件: 中国风能太阳能资源年景公报（2023 年）.docx
[2026-02-07 12:23:20] DEBUG: 文件处理完成: 中国风能太阳能资源年景公报（2023 年）.docx，提取到 5 个描述
[2026-02-07 12:23:20] DEBUG: 正在转换文件: 中国风能太阳能资源年景公报（2024 年）.docx
[2026-02-07 12:23:20] DEBUG: 文件处理完成: 中国风能太阳能资源年景公报（2024 年）.docx，提取到 20 个描述
[2026-02-07 12:23:20] DEBUG: 正在转换文件: 太阳能资源年景评估技术规范QXT 683-2023.docx
[2026-02-07 12:23:20] DEBUG: 文件处理完成: 太阳能资源年景评估技术规范QXT 683-2023.docx，提取到 0 个描述
[2026-02-07 12:23:20] DEBUG: 正在转换文件: 新型能源体系建设中的气象问题与技术进展.docx
[2026-02-07 12:23:20] DEBUG: 文件处理完成: 新型能源体系建设中的气象问题与技术进展.docx，提取到 3 个描述
[2026-02-07 12:23:20] DEBUG: 汇总文件已重新生成: /Users/yangjie/code/antigravity/doc转markdown处理工具/markdown/图表描述汇总.md
[2026-02-07 12:23:20] REPORT: 步骤 2/3: 执行深度清洗与段落优化...
[2026-02-07 12:23:20] REPORT: 步骤 3/3: 执行最终排版润色...
[2026-02-07 12:23:20] REPORT: ------------------------------
[2026-02-07 12:23:20] REPORT: 转换结果核对报告：
[2026-02-07 12:23:20] REPORT:   - 太阳能资源年景评估技术规范QXT 683-2023.docx: ✅ 成功 | 验证通过 (大小: 10656 bytes)
[2026-02-07 12:23:20] REPORT:   - 中国风能太阳能资源年景公报（2023 年）.docx: ✅ 成功 | 验证通过 (大小: 20754 bytes)
[2026-02-07 12:23:20] REPORT:   - 新型能源体系建设中的气象问题与技术进展.docx: ✅ 成功 | 验证通过 (大小: 52928 bytes)
[2026-02-07 12:23:20] REPORT:   - NB_T 31147-2018 风电场工程风能资源测量与评估技术规范.docx: ✅ 成功 | 验证通过 (大小: 61145 bytes)
[2026-02-07 12:23:20] REPORT:   - 中国风能太阳能资源年景公报（2024 年）.docx: ✅ 成功 | 验证通过 (大小: 31679 bytes)
[2026-02-07 12:23:20] REPORT: ------------------------------
[2026-02-07 12:23:20] REPORT: 全部任务完成！耗时: 1.49s
[2026-02-07 12:23:20] REPORT: 成功: 5 / 总数: 5
[2026-02-07 12:23:20] REPORT: 输出目录: /Users/yangjie/code/antigravity/doc转markdown处理工具/markdown
[2026-02-07 12:23:50] REPORT: 开始全流程转换任务...
[2026-02-07 12:23:50] REPORT: 共找到 5 个待处理文件
[2026-02-07 12:23:50] REPORT: 步骤 1/3: 执行基础转换与定制逻辑...
[2026-02-07 12:23:50] DEBUG: 找到 5 个待处理文件
[2026-02-07 12:23:50] DEBUG: 正在转换文件: NB_T 31147-2018 风电场工程风能资源测量与评估技术规范.docx
[2026-02-07 12:23:51] DEBUG: 文件处理完成: NB_T 31147-2018 风电场工程风能资源测量与评估技术规范.docx，提取到 2 个描述
[2026-02-07 12:23:51] DEBUG: 正在转换文件: 中国风能太阳能资源年景公报（2023 年）.docx
[2026-02-07 12:23:51] DEBUG: 文件处理完成: 中国风能太阳能资源年景公报（2023 年）.docx，提取到 5 个描述
[2026-02-07 12:23:51] DEBUG: 正在转换文件: 中国风能太阳能资源年景公报（2024 年）.docx
[2026-02-07 12:23:51] DEBUG: 文件处理完成: 中国风能太阳能资源年景公报（2024 年）.docx，提取到 20 个描述
[2026-02-07 12:23:51] DEBUG: 正在转换文件: 太阳能资源年景评估技术规范QXT 683-2023.docx
[2026-02-07 12:23:52] DEBUG: 文件处理完成: 太阳能资源年景评估技术规范QXT 683-2023.docx，提取到 0 个描述
[2026-02-07 12:23:52] DEBUG: 正在转换文件: 新型能源体系建设中的气象问题与技术进展.docx
[2026-02-07 12:23:52] DEBUG: 文件处理完成: 新型能源体系建设中的气象问题与技术进展.docx，提取到 3 个描述
[2026-02-07 12:23:52] DEBUG: 汇总文件已重新生成: /Users/yangjie/code/antigravity/doc转markdown处理工具/markdown/图表描述汇总.md
[2026-02-07 12:23:52] REPORT: 步骤 2/3: 执行深度清洗与段落优化...
[2026-02-07 12:23:52] REPORT: 步骤 3/3: 执行最终排版润色...
[2026-02-07 12:23:52] REPORT: ------------------------------
[2026-02-07 12:23:52] REPORT: 转换结果核对报告：
[2026-02-07 12:23:52] REPORT:   - 太阳能资源年景评估技术规范QXT 683-2023.docx: ✅ 成功 | 验证通过 (大小: 10656 bytes)
[2026-02-07 12:23:52] REPORT:   - 中国风能太阳能资源年景公报（2023 年）.docx: ✅ 成功 | 验证通过 (大小: 21989 bytes)
[2026-02-07 12:23:52] REPORT:   - 新型能源体系建设中的气象问题与技术进展.docx: ✅ 成功 | 验证通过 (大小: 52928 bytes)
[2026-02-07 12:23:52] REPORT:   - NB_T 31147-2018 风电场工程风能资源测量与评估技术规范.docx: ✅ 成功 | 验证通过 (大小: 61145 bytes)
[2026-02-07 12:23:52] REPORT:   - 中国风能太阳能资源年景公报（2024 年）.docx: ✅ 成功 | 验证通过 (大小: 32931 bytes)
[2026-02-07 12:23:52] REPORT: ------------------------------
[2026-02-07 12:23:52] REPORT: 全部任务完成！耗时: 1.52s
[2026-02-07 12:23:52] REPORT: 成功: 5 / 总数: 5
[2026-02-07 12:23:52] REPORT: 输出目录: /Users/yangjie/code/antigravity/doc转markdown处理工具/markdown
[2026-02-07 12:25:02] REPORT: 开始全流程转换任务...
[2026-02-07 12:25:02] REPORT: 共找到 5 个待处理文件
[2026-02-07 12:25:02] REPORT: 步骤 1/3: 执行基础转换与定制逻辑...
[2026-02-07 12:25:02] DEBUG: 找到 5 个待处理文件
[2026-02-07 12:25:02] DEBUG: 正在转换文件: NB_T 31147-2018 风电场工程风能资源测量与评估技术规范.docx
[2026-02-07 12:25:03] DEBUG: 文件处理完成: NB_T 31147-2018 风电场工程风能资源测量与评估技术规范.docx，提取到 2 个描述
[2026-02-07 12:25:03] DEBUG: 正在转换文件: 中国风能太阳能资源年景公报（2023 年）.docx
[2026-02-07 12:25:03] DEBUG: 文件处理完成: 中国风能太阳能资源年景公报（2023 年）.docx，提取到 5 个描述
[2026-02-07 12:25:03] DEBUG: 正在转换文件: 中国风能太阳能资源年景公报（2024 年）.docx
[2026-02-07 12:25:03] DEBUG: 文件处理完成: 中国风能太阳能资源年景公报（2024 年）.docx，提取到 20 个描述
[2026-02-07 12:25:03] DEBUG: 正在转换文件: 太阳能资源年景评估技术规范QXT 683-2023.docx
[2026-02-07 12:25:03] DEBUG: 文件处理完成: 太阳能资源年景评估技术规范QXT 683-2023.docx，提取到 0 个描述
[2026-02-07 12:25:03] DEBUG: 正在转换文件: 新型能源体系建设中的气象问题与技术进展.docx
[2026-02-07 12:25:03] DEBUG: 文件处理完成: 新型能源体系建设中的气象问题与技术进展.docx，提取到 3 个描述
[2026-02-07 12:25:03] DEBUG: 汇总文件已重新生成: /Users/yangjie/code/antigravity/doc转markdown处理工具/markdown/图表描述汇总.md
[2026-02-07 12:25:03] REPORT: 步骤 2/3: 执行深度清洗与段落优化...
[2026-02-07 12:25:03] REPORT: 步骤 3/3: 执行最终排版润色...
[2026-02-07 12:25:03] REPORT: ------------------------------
[2026-02-07 12:25:03] REPORT: 转换结果核对报告：
[2026-02-07 12:25:03] REPORT:   - 太阳能资源年景评估技术规范QXT 683-2023.docx: ✅ 成功 | 验证通过 (大小: 10656 bytes)
[2026-02-07 12:25:03] REPORT:   - 中国风能太阳能资源年景公报（2023 年）.docx: ✅ 成功 | 验证通过 (大小: 20754 bytes)
[2026-02-07 12:25:03] REPORT:   - 新型能源体系建设中的气象问题与技术进展.docx: ✅ 成功 | 验证通过 (大小: 52928 bytes)
[2026-02-07 12:25:03] REPORT:   - NB_T 31147-2018 风电场工程风能资源测量与评估技术规范.docx: ✅ 成功 | 验证通过 (大小: 61145 bytes)
[2026-02-07 12:25:03] REPORT:   - 中国风能太阳能资源年景公报（2024 年）.docx: ✅ 成功 | 验证通过 (大小: 31679 bytes)
[2026-02-07 12:25:03] REPORT: ------------------------------
[2026-02-07 12:25:03] REPORT: 全部任务完成！耗时: 1.56s
[2026-02-07 12:25:03] REPORT: 成功: 5 / 总数: 5
[2026-02-07 12:25:03] REPORT: 输出目录: /Users/yangjie/code/antigravity/doc转markdown处理工具/markdown
[2026-02-07 12:25:32] REPORT: 开始全流程转换任务...
[2026-02-07 12:25:32] REPORT: 共找到 5 个待处理文件
[2026-02-07 12:25:32] REPORT: 步骤 1/3: 执行基础转换与定制逻辑...
[2026-02-07 12:25:32] DEBUG: 找到 5 个待处理文件
[2026-02-07 12:25:32] DEBUG: 正在转换文件: NB_T 31147-2018 风电场工程风能资源测量与评估技术规范.docx
[2026-02-07 12:25:33] DEBUG: 文件处理完成: NB_T 31147-2018 风电场工程风能资源测量与评估技术规范.docx，提取到 2 个描述
[2026-02-07 12:25:33] DEBUG: 正在转换文件: 中国风能太阳能资源年景公报（2023 年）.docx
[2026-02-07 12:25:33] DEBUG: DEBUG: Processing custom header for 中国风能太阳能资源年景公报（2023 年）
[2026-02-07 12:25:33] DEBUG: DEBUG: header_str is: # CHINA WIND AND SOLAR ENERGY RESOURCES BULLETIN\n\n# 中国风能太阳能资源年景公报（2023 年）\n\n**中国气象局风能太阳能中心**\n\n**2024 年 2 月**\n\n
[2026-02-07 12:25:33] DEBUG: DEBUG: '摘要' found at index: 1371
[2026-02-07 12:25:33] DEBUG: 文件处理完成: 中国风能太阳能资源年景公报（2023 年）.docx，提取到 5 个描述
[2026-02-07 12:25:33] DEBUG: 正在转换文件: 中国风能太阳能资源年景公报（2024 年）.docx
[2026-02-07 12:25:33] DEBUG: DEBUG: Processing custom header for 中国风能太阳能资源年景公报（2024 年）
[2026-02-07 12:25:33] DEBUG: DEBUG: header_str is: # CHINA WIND AND SOLAR ENERGY RESOURCES BULLETIN\n\n# 中国风能太阳能资源年景公报（2024 年）\n\n**中国气象局风能太阳能中心**\n\n**2025 年 2 月**\n\n
[2026-02-07 12:25:33] DEBUG: DEBUG: '摘要' found at index: 1371
[2026-02-07 12:25:33] DEBUG: 文件处理完成: 中国风能太阳能资源年景公报（2024 年）.docx，提取到 20 个描述
[2026-02-07 12:25:33] DEBUG: 正在转换文件: 太阳能资源年景评估技术规范QXT 683-2023.docx
[2026-02-07 12:25:33] DEBUG: 文件处理完成: 太阳能资源年景评估技术规范QXT 683-2023.docx，提取到 0 个描述
[2026-02-07 12:25:33] DEBUG: 正在转换文件: 新型能源体系建设中的气象问题与技术进展.docx
[2026-02-07 12:25:33] DEBUG: 文件处理完成: 新型能源体系建设中的气象问题与技术进展.docx，提取到 3 个描述
[2026-02-07 12:25:33] DEBUG: 汇总文件已重新生成: /Users/yangjie/code/antigravity/doc转markdown处理工具/markdown/图表描述汇总.md
[2026-02-07 12:25:33] REPORT: 步骤 2/3: 执行深度清洗与段落优化...
[2026-02-07 12:25:34] REPORT: 步骤 3/3: 执行最终排版润色...
[2026-02-07 12:25:34] REPORT: ------------------------------
[2026-02-07 12:25:34] REPORT: 转换结果核对报告：
[2026-02-07 12:25:34] REPORT:   - 太阳能资源年景评估技术规范QXT 683-2023.docx: ✅ 成功 | 验证通过 (大小: 10656 bytes)
[2026-02-07 12:25:34] REPORT:   - 中国风能太阳能资源年景公报（2023 年）.docx: ✅ 成功 | 验证通过 (大小: 20754 bytes)
[2026-02-07 12:25:34] REPORT:   - 新型能源体系建设中的气象问题与技术进展.docx: ✅ 成功 | 验证通过 (大小: 52928 bytes)
[2026-02-07 12:25:34] REPORT:   - NB_T 31147-2018 风电场工程风能资源测量与评估技术规范.docx: ✅ 成功 | 验证通过 (大小: 61145 bytes)
[2026-02-07 12:25:34] REPORT:   - 中国风能太阳能资源年景公报（2024 年）.docx: ✅ 成功 | 验证通过 (大小: 31679 bytes)
[2026-02-07 12:25:34] REPORT: ------------------------------
[2026-02-07 12:25:34] REPORT: 全部任务完成！耗时: 1.52s
[2026-02-07 12:25:34] REPORT: 成功: 5 / 总数: 5
[2026-02-07 12:25:34] REPORT: 输出目录: /Users/yangjie/code/antigravity/doc转markdown处理工具/markdown
[2026-02-07 12:27:31] REPORT: 开始全流程转换任务...
[2026-02-07 12:27:31] REPORT: 共找到 5 个待处理文件
[2026-02-07 12:27:31] REPORT: 步骤 1/3: 执行基础转换与定制逻辑...
[2026-02-07 12:27:31] DEBUG: 找到 5 个待处理文件
[2026-02-07 12:27:31] DEBUG: 正在转换文件: NB_T 31147-2018 风电场工程风能资源测量与评估技术规范.docx
[2026-02-07 12:27:31] DEBUG: 文件处理完成: NB_T 31147-2018 风电场工程风能资源测量与评估技术规范.docx，提取到 2 个描述
[2026-02-07 12:27:31] DEBUG: 正在转换文件: 中国风能太阳能资源年景公报（2023 年）.docx
[2026-02-07 12:27:32] DEBUG: DEBUG: Processing custom header for 中国风能太阳能资源年景公报（2023 年）
[2026-02-07 12:27:32] DEBUG: DEBUG: header_str is: # CHINA WIND AND SOLAR ENERGY RESOURCES BULLETIN\n\n# 中国风能太阳能资源年景公报（2023 年）\n\n**中国气象局风能太阳能中心**\n\n**2024 年 2 月**\n\n
[2026-02-07 12:27:32] DEBUG: DEBUG: '摘要' found at index: 1371
[2026-02-07 12:27:32] DEBUG: 文件处理完成: 中国风能太阳能资源年景公报（2023 年）.docx，提取到 5 个描述
[2026-02-07 12:27:32] DEBUG: 正在转换文件: 中国风能太阳能资源年景公报（2024 年）.docx
[2026-02-07 12:27:32] DEBUG: DEBUG: Processing custom header for 中国风能太阳能资源年景公报（2024 年）
[2026-02-07 12:27:32] DEBUG: DEBUG: header_str is: # CHINA WIND AND SOLAR ENERGY RESOURCES BULLETIN\n\n# 中国风能太阳能资源年景公报（2024 年）\n\n**中国气象局风能太阳能中心**\n\n**2025 年 2 月**\n\n
[2026-02-07 12:27:32] DEBUG: DEBUG: '摘要' found at index: 1371
[2026-02-07 12:27:32] DEBUG: 文件处理完成: 中国风能太阳能资源年景公报（2024 年）.docx，提取到 20 个描述
[2026-02-07 12:27:32] DEBUG: 正在转换文件: 太阳能资源年景评估技术规范QXT 683-2023.docx
[2026-02-07 12:27:32] DEBUG: 文件处理完成: 太阳能资源年景评估技术规范QXT 683-2023.docx，提取到 0 个描述
[2026-02-07 12:27:32] DEBUG: 正在转换文件: 新型能源体系建设中的气象问题与技术进展.docx
[2026-02-07 12:27:32] DEBUG: 文件处理完成: 新型能源体系建设中的气象问题与技术进展.docx，提取到 3 个描述
[2026-02-07 12:27:32] DEBUG: 汇总文件已重新生成: /Users/yangjie/code/antigravity/doc转markdown处理工具/markdown/图表描述汇总.md
[2026-02-07 12:27:32] REPORT: 步骤 2/3: 执行深度清洗与段落优化...
[2026-02-07 12:27:32] REPORT: 步骤 3/3: 执行最终排版润色...
[2026-02-07 12:27:32] REPORT: ------------------------------
[2026-02-07 12:27:32] REPORT: 转换结果核对报告：
[2026-02-07 12:27:32] REPORT:   - 太阳能资源年景评估技术规范QXT 683-2023.docx: ✅ 成功 | 验证通过 (大小: 10656 bytes)
[2026-02-07 12:27:32] REPORT:   - 中国风能太阳能资源年景公报（2023 年）.docx: ✅ 成功 | 验证通过 (大小: 21239 bytes)
[2026-02-07 12:27:32] REPORT:   - 新型能源体系建设中的气象问题与技术进展.docx: ✅ 成功 | 验证通过 (大小: 53013 bytes)
[2026-02-07 12:27:32] REPORT:   - NB_T 31147-2018 风电场工程风能资源测量与评估技术规范.docx: ✅ 成功 | 验证通过 (大小: 61145 bytes)
[2026-02-07 12:27:32] REPORT:   - 中国风能太阳能资源年景公报（2024 年）.docx: ✅ 成功 | 验证通过 (大小: 33023 bytes)
[2026-02-07 12:27:32] REPORT: ------------------------------
[2026-02-07 12:27:32] REPORT: 全部任务完成！耗时: 1.51s
[2026-02-07 12:27:32] REPORT: 成功: 5 / 总数: 5
[2026-02-07 12:27:32] REPORT: 输出目录: /Users/yangjie/code/antigravity/doc转markdown处理工具/markdown
[2026-02-07 13:11:29] REPORT: 开始全流程转换任务...
[2026-02-07 13:11:29] REPORT: 共找到 5 个待处理文件
[2026-02-07 13:11:29] REPORT: 步骤 1/3: 执行基础转换与定制逻辑...
[2026-02-07 13:11:29] DEBUG: 找到 5 个待处理文件
[2026-02-07 13:11:29] DEBUG: 正在转换文件: NB_T 31147-2018 风电场工程风能资源测量与评估技术规范.docx
[2026-02-07 13:11:30] DEBUG: 文件处理完成: NB_T 31147-2018 风电场工程风能资源测量与评估技术规范.docx，提取到 2 个描述
[2026-02-07 13:11:30] DEBUG: 正在转换文件: 中国风能太阳能资源年景公报（2023 年）.docx
[2026-02-07 13:11:30] DEBUG: 文件处理完成: 中国风能太阳能资源年景公报（2023 年）.docx，提取到 5 个描述
[2026-02-07 13:11:30] DEBUG: 正在转换文件: 中国风能太阳能资源年景公报（2024 年）.docx
[2026-02-07 13:11:30] DEBUG: 文件处理完成: 中国风能太阳能资源年景公报（2024 年）.docx，提取到 20 个描述
[2026-02-07 13:11:30] DEBUG: 正在转换文件: 太阳能资源年景评估技术规范QXT 683-2023.docx
[2026-02-07 13:11:30] DEBUG: 文件处理完成: 太阳能资源年景评估技术规范QXT 683-2023.docx，提取到 0 个描述
[2026-02-07 13:11:30] DEBUG: 正在转换文件: 新型能源体系建设中的气象问题与技术进展.docx
[2026-02-07 13:11:31] DEBUG: 文件处理完成: 新型能源体系建设中的气象问题与技术进展.docx，提取到 3 个描述
[2026-02-07 13:11:31] DEBUG: 汇总文件已重新生成: /Users/yangjie/code/antigravity/doc转markdown处理工具/markdown/图表描述汇总.md
[2026-02-07 13:11:31] REPORT: 步骤 2/3: 执行深度清洗与段落优化...
[2026-02-07 13:11:31] REPORT: 步骤 3/3: 执行最终排版润色...
[2026-02-07 13:11:31] REPORT: ------------------------------
[2026-02-07 13:11:31] REPORT: 转换结果核对报告：
[2026-02-07 13:11:31] REPORT:   - 太阳能资源年景评估技术规范QXT 683-2023.docx: ✅ 成功 | 验证通过 (大小: 10656 bytes)
[2026-02-07 13:11:31] REPORT:   - 中国风能太阳能资源年景公报（2023 年）.docx: ✅ 成功 | 验证通过 (大小: 21239 bytes)
[2026-02-07 13:11:31] REPORT:   - 新型能源体系建设中的气象问题与技术进展.docx: ✅ 成功 | 验证通过 (大小: 50673 bytes)
[2026-02-07 13:11:31] REPORT:   - NB_T 31147-2018 风电场工程风能资源测量与评估技术规范.docx: ✅ 成功 | 验证通过 (大小: 61145 bytes)
[2026-02-07 13:11:31] REPORT:   - 中国风能太阳能资源年景公报（2024 年）.docx: ✅ 成功 | 验证通过 (大小: 33023 bytes)
[2026-02-07 13:11:31] REPORT: ------------------------------
[2026-02-07 13:11:31] REPORT: 全部任务完成！耗时: 1.47s
[2026-02-07 13:11:31] REPORT: 成功: 5 / 总数: 5
[2026-02-07 13:11:31] REPORT: 输出目录: /Users/yangjie/code/antigravity/doc转markdown处理工具/markdown
[2026-02-07 13:12:03] REPORT: 开始全流程转换任务...
[2026-02-07 13:12:03] REPORT: 共找到 5 个待处理文件
[2026-02-07 13:12:03] REPORT: 步骤 1/3: 执行基础转换与定制逻辑...
[2026-02-07 13:12:03] DEBUG: 找到 5 个待处理文件
[2026-02-07 13:12:03] DEBUG: 正在转换文件: NB_T 31147-2018 风电场工程风能资源测量与评估技术规范.docx
[2026-02-07 13:12:04] DEBUG: 文件处理完成: NB_T 31147-2018 风电场工程风能资源测量与评估技术规范.docx，提取到 2 个描述
[2026-02-07 13:12:04] DEBUG: 正在转换文件: 中国风能太阳能资源年景公报（2023 年）.docx
[2026-02-07 13:12:04] DEBUG: 文件处理完成: 中国风能太阳能资源年景公报（2023 年）.docx，提取到 5 个描述
[2026-02-07 13:12:04] DEBUG: 正在转换文件: 中国风能太阳能资源年景公报（2024 年）.docx
[2026-02-07 13:12:04] DEBUG: 文件处理完成: 中国风能太阳能资源年景公报（2024 年）.docx，提取到 20 个描述
[2026-02-07 13:12:04] DEBUG: 正在转换文件: 太阳能资源年景评估技术规范QXT 683-2023.docx
[2026-02-07 13:12:05] DEBUG: 文件处理完成: 太阳能资源年景评估技术规范QXT 683-2023.docx，提取到 0 个描述
[2026-02-07 13:12:05] DEBUG: 正在转换文件: 新型能源体系建设中的气象问题与技术进展.docx
[2026-02-07 13:12:05] DEBUG: 文件处理完成: 新型能源体系建设中的气象问题与技术进展.docx，提取到 3 个描述
[2026-02-07 13:12:05] DEBUG: 汇总文件已重新生成: /Users/yangjie/code/antigravity/doc转markdown处理工具/markdown/图表描述汇总.md
[2026-02-07 13:12:05] REPORT: 步骤 2/3: 执行深度清洗与段落优化...
[2026-02-07 13:12:05] REPORT: 步骤 3/3: 执行最终排版润色...
[2026-02-07 13:12:05] REPORT: ------------------------------
[2026-02-07 13:12:05] REPORT: 转换结果核对报告：
[2026-02-07 13:12:05] REPORT:   - 太阳能资源年景评估技术规范QXT 683-2023.docx: ✅ 成功 | 验证通过 (大小: 10656 bytes)
[2026-02-07 13:12:05] REPORT:   - 中国风能太阳能资源年景公报（2023 年）.docx: ✅ 成功 | 验证通过 (大小: 21239 bytes)
[2026-02-07 13:12:05] REPORT:   - 新型能源体系建设中的气象问题与技术进展.docx: ✅ 成功 | 验证通过 (大小: 50611 bytes)
[2026-02-07 13:12:05] REPORT:   - NB_T 31147-2018 风电场工程风能资源测量与评估技术规范.docx: ✅ 成功 | 验证通过 (大小: 61145 bytes)
[2026-02-07 13:12:05] REPORT:   - 中国风能太阳能资源年景公报（2024 年）.docx: ✅ 成功 | 验证通过 (大小: 33023 bytes)
[2026-02-07 13:12:05] REPORT: ------------------------------
[2026-02-07 13:12:05] REPORT: 全部任务完成！耗时: 1.46s
[2026-02-07 13:12:05] REPORT: 成功: 5 / 总数: 5
[2026-02-07 13:12:05] REPORT: 输出目录: /Users/yangjie/code/antigravity/doc转markdown处理工具/markdown
[2026-02-07 13:12:41] REPORT: 开始全流程转换任务...
[2026-02-07 13:12:41] REPORT: 共找到 5 个待处理文件
[2026-02-07 13:12:41] REPORT: 步骤 1/3: 执行基础转换与定制逻辑...
[2026-02-07 13:12:41] DEBUG: 找到 5 个待处理文件
[2026-02-07 13:12:41] DEBUG: 正在转换文件: NB_T 31147-2018 风电场工程风能资源测量与评估技术规范.docx
[2026-02-07 13:12:42] DEBUG: 文件处理完成: NB_T 31147-2018 风电场工程风能资源测量与评估技术规范.docx，提取到 2 个描述
[2026-02-07 13:12:42] DEBUG: 正在转换文件: 中国风能太阳能资源年景公报（2023 年）.docx
[2026-02-07 13:12:42] DEBUG: 文件处理完成: 中国风能太阳能资源年景公报（2023 年）.docx，提取到 5 个描述
[2026-02-07 13:12:42] DEBUG: 正在转换文件: 中国风能太阳能资源年景公报（2024 年）.docx
[2026-02-07 13:12:42] DEBUG: 文件处理完成: 中国风能太阳能资源年景公报（2024 年）.docx，提取到 20 个描述
[2026-02-07 13:12:42] DEBUG: 正在转换文件: 太阳能资源年景评估技术规范QXT 683-2023.docx
[2026-02-07 13:12:42] DEBUG: 文件处理完成: 太阳能资源年景评估技术规范QXT 683-2023.docx，提取到 0 个描述
[2026-02-07 13:12:42] DEBUG: 正在转换文件: 新型能源体系建设中的气象问题与技术进展.docx
[2026-02-07 13:12:42] DEBUG: 文件处理完成: 新型能源体系建设中的气象问题与技术进展.docx，提取到 3 个描述
[2026-02-07 13:12:42] DEBUG: 汇总文件已重新生成: /Users/yangjie/code/antigravity/doc转markdown处理工具/markdown/图表描述汇总.md
[2026-02-07 13:12:42] REPORT: 步骤 2/3: 执行深度清洗与段落优化...
[2026-02-07 13:12:42] REPORT: 步骤 3/3: 执行最终排版润色...
[2026-02-07 13:12:42] REPORT: ------------------------------
[2026-02-07 13:12:42] REPORT: 转换结果核对报告：
[2026-02-07 13:12:42] REPORT:   - 太阳能资源年景评估技术规范QXT 683-2023.docx: ✅ 成功 | 验证通过 (大小: 10656 bytes)
[2026-02-07 13:12:42] REPORT:   - 中国风能太阳能资源年景公报（2023 年）.docx: ✅ 成功 | 验证通过 (大小: 21239 bytes)
[2026-02-07 13:12:42] REPORT:   - 新型能源体系建设中的气象问题与技术进展.docx: ✅ 成功 | 验证通过 (大小: 50193 bytes)
[2026-02-07 13:12:42] REPORT:   - NB_T 31147-2018 风电场工程风能资源测量与评估技术规范.docx: ✅ 成功 | 验证通过 (大小: 61145 bytes)
[2026-02-07 13:12:42] REPORT:   - 中国风能太阳能资源年景公报（2024 年）.docx: ✅ 成功 | 验证通过 (大小: 33023 bytes)
[2026-02-07 13:12:42] REPORT: ------------------------------
[2026-02-07 13:12:42] REPORT: 全部任务完成！耗时: 1.44s
[2026-02-07 13:12:42] REPORT: 成功: 5 / 总数: 5
[2026-02-07 13:12:42] REPORT: 输出目录: /Users/yangjie/code/antigravity/doc转markdown处理工具/markdown
[2026-02-07 13:13:31] REPORT: 开始全流程转换任务...
[2026-02-07 13:13:31] REPORT: 共找到 5 个待处理文件
[2026-02-07 13:13:31] REPORT: 步骤 1/3: 执行基础转换与定制逻辑...
[2026-02-07 13:13:31] DEBUG: 找到 5 个待处理文件
[2026-02-07 13:13:31] DEBUG: 正在转换文件: NB_T 31147-2018 风电场工程风能资源测量与评估技术规范.docx
[2026-02-07 13:13:31] DEBUG: 文件处理完成: NB_T 31147-2018 风电场工程风能资源测量与评估技术规范.docx，提取到 2 个描述
[2026-02-07 13:13:31] DEBUG: 正在转换文件: 中国风能太阳能资源年景公报（2023 年）.docx
[2026-02-07 13:13:32] DEBUG: 文件处理完成: 中国风能太阳能资源年景公报（2023 年）.docx，提取到 5 个描述
[2026-02-07 13:13:32] DEBUG: 正在转换文件: 中国风能太阳能资源年景公报（2024 年）.docx
[2026-02-07 13:13:32] DEBUG: 文件处理完成: 中国风能太阳能资源年景公报（2024 年）.docx，提取到 20 个描述
[2026-02-07 13:13:32] DEBUG: 正在转换文件: 太阳能资源年景评估技术规范QXT 683-2023.docx
[2026-02-07 13:13:32] DEBUG: 文件处理完成: 太阳能资源年景评估技术规范QXT 683-2023.docx，提取到 0 个描述
[2026-02-07 13:13:32] DEBUG: 正在转换文件: 新型能源体系建设中的气象问题与技术进展.docx
[2026-02-07 13:13:32] DEBUG: 文件处理完成: 新型能源体系建设中的气象问题与技术进展.docx，提取到 3 个描述
[2026-02-07 13:13:32] DEBUG: 汇总文件已重新生成: /Users/yangjie/code/antigravity/doc转markdown处理工具/markdown/图表描述汇总.md
[2026-02-07 13:13:32] REPORT: 步骤 2/3: 执行深度清洗与段落优化...
[2026-02-07 13:13:32] REPORT: 步骤 3/3: 执行最终排版润色...
[2026-02-07 13:13:32] REPORT: ------------------------------
[2026-02-07 13:13:32] REPORT: 转换结果核对报告：
[2026-02-07 13:13:32] REPORT:   - 太阳能资源年景评估技术规范QXT 683-2023.docx: ✅ 成功 | 验证通过 (大小: 10656 bytes)
[2026-02-07 13:13:32] REPORT:   - 中国风能太阳能资源年景公报（2023 年）.docx: ✅ 成功 | 验证通过 (大小: 21239 bytes)
[2026-02-07 13:13:32] REPORT:   - 新型能源体系建设中的气象问题与技术进展.docx: ✅ 成功 | 验证通过 (大小: 50387 bytes)
[2026-02-07 13:13:32] REPORT:   - NB_T 31147-2018 风电场工程风能资源测量与评估技术规范.docx: ✅ 成功 | 验证通过 (大小: 61145 bytes)
[2026-02-07 13:13:32] REPORT:   - 中国风能太阳能资源年景公报（2024 年）.docx: ✅ 成功 | 验证通过 (大小: 33023 bytes)
[2026-02-07 13:13:32] REPORT: ------------------------------
[2026-02-07 13:13:32] REPORT: 全部任务完成！耗时: 1.42s
[2026-02-07 13:13:32] REPORT: 成功: 5 / 总数: 5
[2026-02-07 13:13:32] REPORT: 输出目录: /Users/yangjie/code/antigravity/doc转markdown处理工具/markdown
[2026-02-07 13:15:02] REPORT: 开始全流程转换任务...
[2026-02-07 13:15:02] REPORT: 共找到 5 个待处理文件
[2026-02-07 13:15:02] REPORT: 步骤 1/3: 执行基础转换与定制逻辑...
[2026-02-07 13:15:02] DEBUG: 找到 5 个待处理文件
[2026-02-07 13:15:02] DEBUG: 正在转换文件: NB_T 31147-2018 风电场工程风能资源测量与评估技术规范.docx
[2026-02-07 13:15:02] DEBUG: 文件处理完成: NB_T 31147-2018 风电场工程风能资源测量与评估技术规范.docx，提取到 2 个描述
[2026-02-07 13:15:02] DEBUG: 正在转换文件: 中国风能太阳能资源年景公报（2023 年）.docx
[2026-02-07 13:15:03] DEBUG: 文件处理完成: 中国风能太阳能资源年景公报（2023 年）.docx，提取到 5 个描述
[2026-02-07 13:15:03] DEBUG: 正在转换文件: 中国风能太阳能资源年景公报（2024 年）.docx
[2026-02-07 13:15:03] DEBUG: 文件处理完成: 中国风能太阳能资源年景公报（2024 年）.docx，提取到 20 个描述
[2026-02-07 13:15:03] DEBUG: 正在转换文件: 太阳能资源年景评估技术规范QXT 683-2023.docx
[2026-02-07 13:15:03] DEBUG: 文件处理完成: 太阳能资源年景评估技术规范QXT 683-2023.docx，提取到 0 个描述
[2026-02-07 13:15:03] DEBUG: 正在转换文件: 新型能源体系建设中的气象问题与技术进展.docx
[2026-02-07 13:15:03] DEBUG: 文件处理完成: 新型能源体系建设中的气象问题与技术进展.docx，提取到 3 个描述
[2026-02-07 13:15:03] DEBUG: 汇总文件已重新生成: /Users/yangjie/code/antigravity/doc转markdown处理工具/markdown/图表描述汇总.md
[2026-02-07 13:15:03] REPORT: 步骤 2/3: 执行深度清洗与段落优化...
[2026-02-07 13:15:03] REPORT: 步骤 3/3: 执行最终排版润色...
[2026-02-07 13:15:03] REPORT: ------------------------------
[2026-02-07 13:15:03] REPORT: 转换结果核对报告：
[2026-02-07 13:15:03] REPORT:   - 太阳能资源年景评估技术规范QXT 683-2023.docx: ✅ 成功 | 验证通过 (大小: 10656 bytes)
[2026-02-07 13:15:03] REPORT:   - 中国风能太阳能资源年景公报（2023 年）.docx: ✅ 成功 | 验证通过 (大小: 21239 bytes)
[2026-02-07 13:15:03] REPORT:   - 新型能源体系建设中的气象问题与技术进展.docx: ✅ 成功 | 验证通过 (大小: 50387 bytes)
[2026-02-07 13:15:03] REPORT:   - NB_T 31147-2018 风电场工程风能资源测量与评估技术规范.docx: ✅ 成功 | 验证通过 (大小: 61145 bytes)
[2026-02-07 13:15:03] REPORT:   - 中国风能太阳能资源年景公报（2024 年）.docx: ✅ 成功 | 验证通过 (大小: 33023 bytes)
[2026-02-07 13:15:03] REPORT: ------------------------------
[2026-02-07 13:15:03] REPORT: 全部任务完成！耗时: 1.43s
[2026-02-07 13:15:03] REPORT: 成功: 5 / 总数: 5
[2026-02-07 13:15:03] REPORT: 输出目录: /Users/yangjie/code/antigravity/doc转markdown处理工具/markdown
